{"meta": {"format": 3, "version": "7.9.1", "timestamp": "2025-07-26T00:02:41.842648", "branch_coverage": false, "show_contexts": false}, "files": {"app/__init__.py": {"executed_lines": [0], "summary": {"covered_lines": 0, "num_statements": 0, "percent_covered": 100.0, "percent_covered_display": "100.00", "missing_lines": 0, "excluded_lines": 0}, "missing_lines": [], "excluded_lines": [], "functions": {"": {"executed_lines": [], "summary": {"covered_lines": 0, "num_statements": 0, "percent_covered": 100.0, "percent_covered_display": "100.00", "missing_lines": 0, "excluded_lines": 0}, "missing_lines": [], "excluded_lines": []}}, "classes": {"": {"executed_lines": [], "summary": {"covered_lines": 0, "num_statements": 0, "percent_covered": 100.0, "percent_covered_display": "100.00", "missing_lines": 0, "excluded_lines": 0}, "missing_lines": [], "excluded_lines": []}}}, "app/api/__init__.py": {"executed_lines": [0], "summary": {"covered_lines": 0, "num_statements": 0, "percent_covered": 100.0, "percent_covered_display": "100.00", "missing_lines": 0, "excluded_lines": 0}, "missing_lines": [], "excluded_lines": [], "functions": {"": {"executed_lines": [], "summary": {"covered_lines": 0, "num_statements": 0, "percent_covered": 100.0, "percent_covered_display": "100.00", "missing_lines": 0, "excluded_lines": 0}, "missing_lines": [], "excluded_lines": []}}, "classes": {"": {"executed_lines": [], "summary": {"covered_lines": 0, "num_statements": 0, "percent_covered": 100.0, "percent_covered_display": "100.00", "missing_lines": 0, "excluded_lines": 0}, "missing_lines": [], "excluded_lines": []}}}, "app/api/auth.py": {"executed_lines": [1, 3, 5, 6, 7, 8, 10, 24, 26, 30, 31, 33, 34, 35, 38, 39, 41, 42, 43, 44, 47, 48, 50, 53, 54, 56, 57, 58, 61, 62, 64, 65, 68, 69, 71, 72, 73, 74, 75, 78, 79, 81, 84, 85, 87, 91, 92, 94, 100, 127, 130, 161, 162, 198, 199, 239, 240, 251, 252, 264, 267, 304, 305, 319, 320, 352, 355, 356, 376, 377, 394, 395, 433, 434], "summary": {"covered_lines": 64, "num_statements": 174, "percent_covered": 36.7816091954023, "percent_covered_display": "36.78", "missing_lines": 110, "excluded_lines": 0}, "missing_lines": [95, 96, 97, 102, 104, 105, 107, 108, 109, 110, 112, 113, 114, 117, 118, 119, 120, 121, 122, 123, 133, 134, 139, 142, 143, 144, 145, 146, 147, 149, 152, 158, 164, 165, 166, 178, 179, 188, 190, 201, 202, 203, 205, 206, 210, 211, 212, 217, 218, 227, 233, 234, 246, 248, 256, 273, 274, 275, 281, 284, 293, 295, 308, 309, 310, 312, 313, 314, 316, 325, 326, 327, 328, 329, 331, 332, 337, 338, 341, 346, 348, 358, 359, 363, 364, 365, 373, 381, 382, 391, 399, 400, 404, 405, 407, 408, 413, 414, 419, 420, 421, 422, 424, 427, 428, 430, 436, 437, 438, 443], "excluded_lines": [], "functions": {"AuthHTTPError.__init__": {"executed_lines": [], "summary": {"covered_lines": 0, "num_statements": 3, "percent_covered": 0.0, "percent_covered_display": "0.00", "missing_lines": 3, "excluded_lines": 0}, "missing_lines": [95, 96, 97], "excluded_lines": []}, "get_current_user": {"executed_lines": [], "summary": {"covered_lines": 0, "num_statements": 17, "percent_covered": 0.0, "percent_covered_display": "0.00", "missing_lines": 17, "excluded_lines": 0}, "missing_lines": [102, 104, 105, 107, 108, 109, 110, 112, 113, 114, 117, 118, 119, 120, 121, 122, 123], "excluded_lines": []}, "register_user": {"executed_lines": [], "summary": {"covered_lines": 0, "num_statements": 12, "percent_covered": 0.0, "percent_covered_display": "0.00", "missing_lines": 12, "excluded_lines": 0}, "missing_lines": [133, 134, 139, 142, 143, 144, 145, 146, 147, 149, 152, 158], "excluded_lines": []}, "login": {"executed_lines": [], "summary": {"covered_lines": 0, "num_statements": 7, "percent_covered": 0.0, "percent_covered_display": "0.00", "missing_lines": 7, "excluded_lines": 0}, "missing_lines": [164, 165, 166, 178, 179, 188, 190], "excluded_lines": []}, "refresh_token": {"executed_lines": [], "summary": {"covered_lines": 0, "num_statements": 13, "percent_covered": 0.0, "percent_covered_display": "0.00", "missing_lines": 13, "excluded_lines": 0}, "missing_lines": [201, 202, 203, 205, 206, 210, 211, 212, 217, 218, 227, 233, 234], "excluded_lines": []}, "logout": {"executed_lines": [], "summary": {"covered_lines": 0, "num_statements": 2, "percent_covered": 0.0, "percent_covered_display": "0.00", "missing_lines": 2, "excluded_lines": 0}, "missing_lines": [246, 248], "excluded_lines": []}, "get_user_profile": {"executed_lines": [], "summary": {"covered_lines": 0, "num_statements": 1, "percent_covered": 0.0, "percent_covered_display": "0.00", "missing_lines": 1, "excluded_lines": 0}, "missing_lines": [256], "excluded_lines": []}, "create_api_key": {"executed_lines": [], "summary": {"covered_lines": 0, "num_statements": 7, "percent_covered": 0.0, "percent_covered_display": "0.00", "missing_lines": 7, "excluded_lines": 0}, "missing_lines": [273, 274, 275, 281, 284, 293, 295], "excluded_lines": []}, "list_api_keys": {"executed_lines": [], "summary": {"covered_lines": 0, "num_statements": 7, "percent_covered": 0.0, "percent_covered_display": "0.00", "missing_lines": 7, "excluded_lines": 0}, "missing_lines": [308, 309, 310, 312, 313, 314, 316], "excluded_lines": []}, "revoke_api_key": {"executed_lines": [], "summary": {"covered_lines": 0, "num_statements": 12, "percent_covered": 0.0, "percent_covered_display": "0.00", "missing_lines": 12, "excluded_lines": 0}, "missing_lines": [325, 326, 327, 328, 329, 331, 332, 337, 338, 341, 346, 348], "excluded_lines": []}, "list_users": {"executed_lines": [], "summary": {"covered_lines": 0, "num_statements": 6, "percent_covered": 0.0, "percent_covered_display": "0.00", "missing_lines": 6, "excluded_lines": 0}, "missing_lines": [358, 359, 363, 364, 365, 373], "excluded_lines": []}, "assign_user_role": {"executed_lines": [], "summary": {"covered_lines": 0, "num_statements": 3, "percent_covered": 0.0, "percent_covered_display": "0.00", "missing_lines": 3, "excluded_lines": 0}, "missing_lines": [381, 382, 391], "excluded_lines": []}, "change_user_role": {"executed_lines": [], "summary": {"covered_lines": 0, "num_statements": 16, "percent_covered": 0.0, "percent_covered_display": "0.00", "missing_lines": 16, "excluded_lines": 0}, "missing_lines": [399, 400, 404, 405, 407, 408, 413, 414, 419, 420, 421, 422, 424, 427, 428, 430], "excluded_lines": []}, "get_team_info": {"executed_lines": [], "summary": {"covered_lines": 0, "num_statements": 4, "percent_covered": 0.0, "percent_covered_display": "0.00", "missing_lines": 4, "excluded_lines": 0}, "missing_lines": [436, 437, 438, 443], "excluded_lines": []}, "": {"executed_lines": [1, 3, 5, 6, 7, 8, 10, 24, 26, 30, 31, 33, 34, 35, 38, 39, 41, 42, 43, 44, 47, 48, 50, 53, 54, 56, 57, 58, 61, 62, 64, 65, 68, 69, 71, 72, 73, 74, 75, 78, 79, 81, 84, 85, 87, 91, 92, 94, 100, 127, 130, 161, 162, 198, 199, 239, 240, 251, 252, 264, 267, 304, 305, 319, 320, 352, 355, 356, 376, 377, 394, 395, 433, 434], "summary": {"covered_lines": 64, "num_statements": 64, "percent_covered": 100.0, "percent_covered_display": "100.00", "missing_lines": 0, "excluded_lines": 0}, "missing_lines": [], "excluded_lines": []}}, "classes": {"UserRegister": {"executed_lines": [], "summary": {"covered_lines": 0, "num_statements": 0, "percent_covered": 100.0, "percent_covered_display": "100.00", "missing_lines": 0, "excluded_lines": 0}, "missing_lines": [], "excluded_lines": []}, "TokenResponse": {"executed_lines": [], "summary": {"covered_lines": 0, "num_statements": 0, "percent_covered": 100.0, "percent_covered_display": "100.00", "missing_lines": 0, "excluded_lines": 0}, "missing_lines": [], "excluded_lines": []}, "RefreshTokenRequest": {"executed_lines": [], "summary": {"covered_lines": 0, "num_statements": 0, "percent_covered": 100.0, "percent_covered_display": "100.00", "missing_lines": 0, "excluded_lines": 0}, "missing_lines": [], "excluded_lines": []}, "UserProfile": {"executed_lines": [], "summary": {"covered_lines": 0, "num_statements": 0, "percent_covered": 100.0, "percent_covered_display": "100.00", "missing_lines": 0, "excluded_lines": 0}, "missing_lines": [], "excluded_lines": []}, "APIKeyCreate": {"executed_lines": [], "summary": {"covered_lines": 0, "num_statements": 0, "percent_covered": 100.0, "percent_covered_display": "100.00", "missing_lines": 0, "excluded_lines": 0}, "missing_lines": [], "excluded_lines": []}, "APIKeyResponse": {"executed_lines": [], "summary": {"covered_lines": 0, "num_statements": 0, "percent_covered": 100.0, "percent_covered_display": "100.00", "missing_lines": 0, "excluded_lines": 0}, "missing_lines": [], "excluded_lines": []}, "APIKeyList": {"executed_lines": [], "summary": {"covered_lines": 0, "num_statements": 0, "percent_covered": 100.0, "percent_covered_display": "100.00", "missing_lines": 0, "excluded_lines": 0}, "missing_lines": [], "excluded_lines": []}, "MessageResponse": {"executed_lines": [], "summary": {"covered_lines": 0, "num_statements": 0, "percent_covered": 100.0, "percent_covered_display": "100.00", "missing_lines": 0, "excluded_lines": 0}, "missing_lines": [], "excluded_lines": []}, "AuthHTTPError": {"executed_lines": [], "summary": {"covered_lines": 0, "num_statements": 3, "percent_covered": 0.0, "percent_covered_display": "0.00", "missing_lines": 3, "excluded_lines": 0}, "missing_lines": [95, 96, 97], "excluded_lines": []}, "": {"executed_lines": [1, 3, 5, 6, 7, 8, 10, 24, 26, 30, 31, 33, 34, 35, 38, 39, 41, 42, 43, 44, 47, 48, 50, 53, 54, 56, 57, 58, 61, 62, 64, 65, 68, 69, 71, 72, 73, 74, 75, 78, 79, 81, 84, 85, 87, 91, 92, 94, 100, 127, 130, 161, 162, 198, 199, 239, 240, 251, 252, 264, 267, 304, 305, 319, 320, 352, 355, 356, 376, 377, 394, 395, 433, 434], "summary": {"covered_lines": 64, "num_statements": 171, "percent_covered": 37.42690058479532, "percent_covered_display": "37.43", "missing_lines": 107, "excluded_lines": 0}, "missing_lines": [102, 104, 105, 107, 108, 109, 110, 112, 113, 114, 117, 118, 119, 120, 121, 122, 123, 133, 134, 139, 142, 143, 144, 145, 146, 147, 149, 152, 158, 164, 165, 166, 178, 179, 188, 190, 201, 202, 203, 205, 206, 210, 211, 212, 217, 218, 227, 233, 234, 246, 248, 256, 273, 274, 275, 281, 284, 293, 295, 308, 309, 310, 312, 313, 314, 316, 325, 326, 327, 328, 329, 331, 332, 337, 338, 341, 346, 348, 358, 359, 363, 364, 365, 373, 381, 382, 391, 399, 400, 404, 405, 407, 408, 413, 414, 419, 420, 421, 422, 424, 427, 428, 430, 436, 437, 438, 443], "excluded_lines": []}}}, "app/api/documents.py": {"executed_lines": [1, 3, 4, 5, 6, 7, 9, 10, 11, 13, 14, 15, 16, 17, 20, 23, 27, 29, 32, 37, 38, 40, 41, 45, 47, 48, 49, 51, 54, 57, 58, 60, 61, 62, 65, 66, 68, 69, 70, 73, 74, 76, 77, 78, 81, 82, 84, 85, 86, 87, 90, 91, 93, 96, 97, 99, 100, 101, 102, 103, 106, 107, 108, 111, 112, 113, 116, 119, 120, 122, 123, 124, 125, 126, 127, 130, 131, 133, 134, 135, 136, 137, 138, 139, 140, 141, 144, 149, 150, 151, 152, 159, 160, 161, 162, 164, 165, 167, 168, 169, 170, 171, 172, 173, 174, 175, 176, 178, 179, 181, 184, 185, 190, 204, 207, 208, 214, 215, 218, 226, 227, 233, 236, 239, 242, 243, 250, 251, 257, 260, 261, 268, 269, 272, 273, 276, 284, 285, 286, 287, 290, 291, 292, 294, 298, 303, 304, 305, 310, 311, 321, 322, 324, 326, 329, 334, 346, 347, 348, 353, 354, 363, 364, 366, 368, 371, 373, 385, 386, 387, 392, 393, 401, 402, 404, 405, 407, 416, 417, 418, 419, 420, 425, 426, 433, 434, 436, 437, 438, 447, 449, 450, 451, 456, 459, 469, 470, 472, 474, 477, 481, 482, 494, 506, 507, 508, 513, 516, 525, 534, 535, 536, 537, 538, 540, 546, 554, 558, 559, 560, 561, 562, 565, 569], "summary": {"covered_lines": 215, "num_statements": 215, "percent_covered": 100.0, "percent_covered_display": "100.00", "missing_lines": 0, "excluded_lines": 0}, "missing_lines": [], "excluded_lines": [], "functions": {"get_db": {"executed_lines": [47, 48, 49, 51], "summary": {"covered_lines": 4, "num_statements": 4, "percent_covered": 100.0, "percent_covered_display": "100.00", "missing_lines": 0, "excluded_lines": 0}, "missing_lines": [], "excluded_lines": []}, "get_current_user_or_api_key": {"executed_lines": [149, 150, 151, 152, 159, 160, 161, 162, 164, 165, 167, 168, 169, 170, 171, 172, 173, 174, 175, 176, 178, 179, 181], "summary": {"covered_lines": 23, "num_statements": 23, "percent_covered": 100.0, "percent_covered_display": "100.00", "missing_lines": 0, "excluded_lines": 0}, "missing_lines": [], "excluded_lines": []}, "list_documents": {"executed_lines": [190, 204], "summary": {"covered_lines": 2, "num_statements": 2, "percent_covered": 100.0, "percent_covered_display": "100.00", "missing_lines": 0, "excluded_lines": 0}, "missing_lines": [], "excluded_lines": []}, "create_document": {"executed_lines": [214, 215, 218], "summary": {"covered_lines": 3, "num_statements": 3, "percent_covered": 100.0, "percent_covered_display": "100.00", "missing_lines": 0, "excluded_lines": 0}, "missing_lines": [], "excluded_lines": []}, "delete_document": {"executed_lines": [233, 236, 239], "summary": {"covered_lines": 3, "num_statements": 3, "percent_covered": 100.0, "percent_covered_display": "100.00", "missing_lines": 0, "excluded_lines": 0}, "missing_lines": [], "excluded_lines": []}, "get_document": {"executed_lines": [250, 251, 257], "summary": {"covered_lines": 3, "num_statements": 3, "percent_covered": 100.0, "percent_covered_display": "100.00", "missing_lines": 0, "excluded_lines": 0}, "missing_lines": [], "excluded_lines": []}, "update_document": {"executed_lines": [268, 269, 272, 273, 276, 284, 285, 286, 287, 290, 291, 292, 294], "summary": {"covered_lines": 13, "num_statements": 13, "percent_covered": 100.0, "percent_covered_display": "100.00", "missing_lines": 0, "excluded_lines": 0}, "missing_lines": [], "excluded_lines": []}, "get_document_processing_service": {"executed_lines": [303, 304, 305], "summary": {"covered_lines": 3, "num_statements": 3, "percent_covered": 100.0, "percent_covered_display": "100.00", "missing_lines": 0, "excluded_lines": 0}, "missing_lines": [], "excluded_lines": []}, "process_documents": {"executed_lines": [321, 322, 324, 326, 329, 334, 346, 347, 348], "summary": {"covered_lines": 9, "num_statements": 9, "percent_covered": 100.0, "percent_covered_display": "100.00", "missing_lines": 0, "excluded_lines": 0}, "missing_lines": [], "excluded_lines": []}, "process_documents_sync": {"executed_lines": [363, 364, 366, 368, 371, 373, 385, 386, 387], "summary": {"covered_lines": 9, "num_statements": 9, "percent_covered": 100.0, "percent_covered_display": "100.00", "missing_lines": 0, "excluded_lines": 0}, "missing_lines": [], "excluded_lines": []}, "get_processing_status": {"executed_lines": [401, 402, 404, 405, 407, 416, 417, 418, 419, 420], "summary": {"covered_lines": 10, "num_statements": 10, "percent_covered": 100.0, "percent_covered_display": "100.00", "missing_lines": 0, "excluded_lines": 0}, "missing_lines": [], "excluded_lines": []}, "get_all_processing_status": {"executed_lines": [433, 434, 436, 437, 438, 447, 449, 450, 451], "summary": {"covered_lines": 9, "num_statements": 9, "percent_covered": 100.0, "percent_covered_display": "100.00", "missing_lines": 0, "excluded_lines": 0}, "missing_lines": [], "excluded_lines": []}, "reprocess_document": {"executed_lines": [469, 470, 472, 474, 477, 481, 482, 494, 506, 507, 508], "summary": {"covered_lines": 11, "num_statements": 11, "percent_covered": 100.0, "percent_covered_display": "100.00", "missing_lines": 0, "excluded_lines": 0}, "missing_lines": [], "excluded_lines": []}, "_convert_to_processing_config": {"executed_lines": [516, 525, 534, 535, 536, 537, 538, 540, 546], "summary": {"covered_lines": 9, "num_statements": 9, "percent_covered": 100.0, "percent_covered_display": "100.00", "missing_lines": 0, "excluded_lines": 0}, "missing_lines": [], "excluded_lines": []}, "_background_document_processing": {"executed_lines": [558, 559, 560, 561, 562], "summary": {"covered_lines": 5, "num_statements": 5, "percent_covered": 100.0, "percent_covered_display": "100.00", "missing_lines": 0, "excluded_lines": 0}, "missing_lines": [], "excluded_lines": []}, "get_document_repository": {"executed_lines": [569], "summary": {"covered_lines": 1, "num_statements": 1, "percent_covered": 100.0, "percent_covered_display": "100.00", "missing_lines": 0, "excluded_lines": 0}, "missing_lines": [], "excluded_lines": []}, "": {"executed_lines": [1, 3, 4, 5, 6, 7, 9, 10, 11, 13, 14, 15, 16, 17, 20, 23, 27, 29, 32, 37, 38, 40, 41, 45, 54, 57, 58, 60, 61, 62, 65, 66, 68, 69, 70, 73, 74, 76, 77, 78, 81, 82, 84, 85, 86, 87, 90, 91, 93, 96, 97, 99, 100, 101, 102, 103, 106, 107, 108, 111, 112, 113, 116, 119, 120, 122, 123, 124, 125, 126, 127, 130, 131, 133, 134, 135, 136, 137, 138, 139, 140, 141, 144, 184, 185, 207, 208, 226, 227, 242, 243, 260, 261, 298, 310, 311, 353, 354, 392, 393, 425, 426, 456, 459, 513, 554, 565], "summary": {"covered_lines": 98, "num_statements": 98, "percent_covered": 100.0, "percent_covered_display": "100.00", "missing_lines": 0, "excluded_lines": 0}, "missing_lines": [], "excluded_lines": []}}, "classes": {"SourceType": {"executed_lines": [], "summary": {"covered_lines": 0, "num_statements": 0, "percent_covered": 100.0, "percent_covered_display": "100.00", "missing_lines": 0, "excluded_lines": 0}, "missing_lines": [], "excluded_lines": []}, "DocumentCreate": {"executed_lines": [], "summary": {"covered_lines": 0, "num_statements": 0, "percent_covered": 100.0, "percent_covered_display": "100.00", "missing_lines": 0, "excluded_lines": 0}, "missing_lines": [], "excluded_lines": []}, "DocumentUpdate": {"executed_lines": [], "summary": {"covered_lines": 0, "num_statements": 0, "percent_covered": 100.0, "percent_covered_display": "100.00", "missing_lines": 0, "excluded_lines": 0}, "missing_lines": [], "excluded_lines": []}, "DocumentResponse": {"executed_lines": [], "summary": {"covered_lines": 0, "num_statements": 0, "percent_covered": 100.0, "percent_covered_display": "100.00", "missing_lines": 0, "excluded_lines": 0}, "missing_lines": [], "excluded_lines": []}, "DocumentList": {"executed_lines": [], "summary": {"covered_lines": 0, "num_statements": 0, "percent_covered": 100.0, "percent_covered_display": "100.00", "missing_lines": 0, "excluded_lines": 0}, "missing_lines": [], "excluded_lines": []}, "ProcessingConfigRequest": {"executed_lines": [], "summary": {"covered_lines": 0, "num_statements": 0, "percent_covered": 100.0, "percent_covered_display": "100.00", "missing_lines": 0, "excluded_lines": 0}, "missing_lines": [], "excluded_lines": []}, "ProcessingStatusResponse": {"executed_lines": [], "summary": {"covered_lines": 0, "num_statements": 0, "percent_covered": 100.0, "percent_covered_display": "100.00", "missing_lines": 0, "excluded_lines": 0}, "missing_lines": [], "excluded_lines": []}, "ProcessingResultResponse": {"executed_lines": [], "summary": {"covered_lines": 0, "num_statements": 0, "percent_covered": 100.0, "percent_covered_display": "100.00", "missing_lines": 0, "excluded_lines": 0}, "missing_lines": [], "excluded_lines": []}, "": {"executed_lines": [1, 3, 4, 5, 6, 7, 9, 10, 11, 13, 14, 15, 16, 17, 20, 23, 27, 29, 32, 37, 38, 40, 41, 45, 47, 48, 49, 51, 54, 57, 58, 60, 61, 62, 65, 66, 68, 69, 70, 73, 74, 76, 77, 78, 81, 82, 84, 85, 86, 87, 90, 91, 93, 96, 97, 99, 100, 101, 102, 103, 106, 107, 108, 111, 112, 113, 116, 119, 120, 122, 123, 124, 125, 126, 127, 130, 131, 133, 134, 135, 136, 137, 138, 139, 140, 141, 144, 149, 150, 151, 152, 159, 160, 161, 162, 164, 165, 167, 168, 169, 170, 171, 172, 173, 174, 175, 176, 178, 179, 181, 184, 185, 190, 204, 207, 208, 214, 215, 218, 226, 227, 233, 236, 239, 242, 243, 250, 251, 257, 260, 261, 268, 269, 272, 273, 276, 284, 285, 286, 287, 290, 291, 292, 294, 298, 303, 304, 305, 310, 311, 321, 322, 324, 326, 329, 334, 346, 347, 348, 353, 354, 363, 364, 366, 368, 371, 373, 385, 386, 387, 392, 393, 401, 402, 404, 405, 407, 416, 417, 418, 419, 420, 425, 426, 433, 434, 436, 437, 438, 447, 449, 450, 451, 456, 459, 469, 470, 472, 474, 477, 481, 482, 494, 506, 507, 508, 513, 516, 525, 534, 535, 536, 537, 538, 540, 546, 554, 558, 559, 560, 561, 562, 565, 569], "summary": {"covered_lines": 215, "num_statements": 215, "percent_covered": 100.0, "percent_covered_display": "100.00", "missing_lines": 0, "excluded_lines": 0}, "missing_lines": [], "excluded_lines": []}}}, "app/api/health.py": {"executed_lines": [1, 3, 4, 5, 7, 9, 10, 11, 12, 13, 14, 16, 19, 33, 43, 56, 66, 67, 72, 73, 113, 114, 140, 141], "summary": {"covered_lines": 23, "num_statements": 58, "percent_covered": 39.6551724137931, "percent_covered_display": "39.66", "missing_lines": 35, "excluded_lines": 0}, "missing_lines": [21, 24, 26, 28, 29, 30, 35, 38, 39, 40, 45, 46, 52, 53, 58, 69, 75, 76, 77, 78, 81, 86, 88, 98, 100, 116, 118, 119, 121, 126, 127, 129, 133, 134, 143], "excluded_lines": [], "functions": {"check_postgresql_connection": {"executed_lines": [], "summary": {"covered_lines": 0, "num_statements": 6, "percent_covered": 0.0, "percent_covered_display": "0.00", "missing_lines": 6, "excluded_lines": 0}, "missing_lines": [21, 24, 26, 28, 29, 30], "excluded_lines": []}, "check_aperturedb_connection": {"executed_lines": [], "summary": {"covered_lines": 0, "num_statements": 4, "percent_covered": 0.0, "percent_covered_display": "0.00", "missing_lines": 4, "excluded_lines": 0}, "missing_lines": [35, 38, 39, 40], "excluded_lines": []}, "get_system_metrics": {"executed_lines": [], "summary": {"covered_lines": 0, "num_statements": 4, "percent_covered": 0.0, "percent_covered_display": "0.00", "missing_lines": 4, "excluded_lines": 0}, "missing_lines": [45, 46, 52, 53], "excluded_lines": []}, "get_health_status": {"executed_lines": [], "summary": {"covered_lines": 0, "num_statements": 1, "percent_covered": 0.0, "percent_covered_display": "0.00", "missing_lines": 1, "excluded_lines": 0}, "missing_lines": [58], "excluded_lines": []}, "health_check": {"executed_lines": [], "summary": {"covered_lines": 0, "num_statements": 1, "percent_covered": 0.0, "percent_covered_display": "0.00", "missing_lines": 1, "excluded_lines": 0}, "missing_lines": [69], "excluded_lines": []}, "detailed_health_check": {"executed_lines": [], "summary": {"covered_lines": 0, "num_statements": 9, "percent_covered": 0.0, "percent_covered_display": "0.00", "missing_lines": 9, "excluded_lines": 0}, "missing_lines": [75, 76, 77, 78, 81, 86, 88, 98, 100], "excluded_lines": []}, "readiness_probe": {"executed_lines": [], "summary": {"covered_lines": 0, "num_statements": 9, "percent_covered": 0.0, "percent_covered_display": "0.00", "missing_lines": 9, "excluded_lines": 0}, "missing_lines": [116, 118, 119, 121, 126, 127, 129, 133, 134], "excluded_lines": []}, "liveness_probe": {"executed_lines": [], "summary": {"covered_lines": 0, "num_statements": 1, "percent_covered": 0.0, "percent_covered_display": "0.00", "missing_lines": 1, "excluded_lines": 0}, "missing_lines": [143], "excluded_lines": []}, "": {"executed_lines": [1, 3, 4, 5, 7, 9, 10, 11, 12, 13, 14, 16, 19, 33, 43, 56, 66, 67, 72, 73, 113, 114, 140, 141], "summary": {"covered_lines": 23, "num_statements": 23, "percent_covered": 100.0, "percent_covered_display": "100.00", "missing_lines": 0, "excluded_lines": 0}, "missing_lines": [], "excluded_lines": []}}, "classes": {"": {"executed_lines": [1, 3, 4, 5, 7, 9, 10, 11, 12, 13, 14, 16, 19, 33, 43, 56, 66, 67, 72, 73, 113, 114, 140, 141], "summary": {"covered_lines": 23, "num_statements": 58, "percent_covered": 39.6551724137931, "percent_covered_display": "39.66", "missing_lines": 35, "excluded_lines": 0}, "missing_lines": [21, 24, 26, 28, 29, 30, 35, 38, 39, 40, 45, 46, 52, 53, 58, 69, 75, 76, 77, 78, 81, 86, 88, 98, 100, 116, 118, 119, 121, 126, 127, 129, 133, 134, 143], "excluded_lines": []}}}, "app/api/search.py": {"executed_lines": [1, 3, 4, 6, 7, 9, 10, 19, 20, 23, 24, 26, 27, 28, 31, 32, 34, 35, 38, 39, 41, 42, 45, 46, 48, 49, 50, 51, 54, 55, 57, 58, 59, 60, 61, 64, 65, 67, 68, 69, 70, 73, 74, 76, 77, 78, 79, 84, 87, 88, 89, 92, 97, 100, 103, 106, 111, 112, 114, 115, 116, 117, 120, 121, 123, 124, 125, 128, 129, 131, 132, 133, 134, 135, 136, 137, 140, 141, 142, 145, 146, 147, 148, 149, 152, 153, 158, 159, 161, 162, 165, 166, 168, 169, 172, 173, 175, 176, 177, 178, 179, 180, 181, 184, 185, 186, 187, 190, 193, 196, 197, 199, 200, 204, 244, 263, 314, 345, 380, 381, 598, 599, 726, 727, 854, 855, 904, 905, 958, 959, 975, 976], "summary": {"covered_lines": 117, "num_statements": 327, "percent_covered": 35.77981651376147, "percent_covered_display": "35.78", "missing_lines": 210, "excluded_lines": 0}, "missing_lines": [209, 210, 211, 212, 219, 220, 221, 222, 224, 225, 227, 228, 229, 230, 231, 232, 233, 234, 235, 236, 237, 238, 240, 246, 247, 249, 252, 253, 255, 256, 257, 258, 260, 267, 269, 270, 272, 273, 279, 280, 286, 287, 295, 296, 311, 316, 328, 329, 330, 331, 332, 333, 336, 337, 340, 341, 348, 359, 360, 361, 364, 365, 366, 369, 370, 372, 393, 395, 397, 399, 400, 403, 410, 415, 418, 419, 420, 421, 422, 423, 424, 427, 429, 430, 431, 432, 434, 435, 437, 438, 439, 440, 443, 444, 445, 446, 447, 448, 449, 450, 453, 456, 457, 460, 461, 469, 479, 482, 485, 487, 488, 490, 491, 492, 497, 498, 499, 507, 508, 509, 520, 542, 545, 546, 547, 548, 553, 557, 574, 591, 592, 593, 594, 595, 609, 611, 612, 615, 616, 617, 620, 621, 622, 623, 626, 632, 642, 645, 646, 670, 671, 672, 683, 700, 717, 718, 719, 720, 721, 737, 739, 740, 743, 744, 745, 748, 749, 750, 751, 754, 760, 770, 773, 774, 798, 799, 800, 811, 828, 845, 846, 847, 848, 849, 864, 866, 867, 870, 871, 872, 886, 890, 895, 896, 897, 898, 899, 912, 914, 915, 918, 949, 950, 951, 952, 953, 969, 972, 986, 989], "excluded_lines": [], "functions": {"get_current_user_or_api_key": {"executed_lines": [], "summary": {"covered_lines": 0, "num_statements": 23, "percent_covered": 0.0, "percent_covered_display": "0.00", "missing_lines": 23, "excluded_lines": 0}, "missing_lines": [209, 210, 211, 212, 219, 220, 221, 222, 224, 225, 227, 228, 229, 230, 231, 232, 233, 234, 235, 236, 237, 238, 240], "excluded_lines": []}, "highlight_content": {"executed_lines": [], "summary": {"covered_lines": 0, "num_statements": 10, "percent_covered": 0.0, "percent_covered_display": "0.00", "missing_lines": 10, "excluded_lines": 0}, "missing_lines": [246, 247, 249, 252, 253, 255, 256, 257, 258, 260], "excluded_lines": []}, "convert_enhanced_filters_to_legacy": {"executed_lines": [], "summary": {"covered_lines": 0, "num_statements": 12, "percent_covered": 0.0, "percent_covered_display": "0.00", "missing_lines": 12, "excluded_lines": 0}, "missing_lines": [267, 269, 270, 272, 273, 279, 280, 286, 287, 295, 296, 311], "excluded_lines": []}, "generate_search_suggestions": {"executed_lines": [], "summary": {"covered_lines": 0, "num_statements": 11, "percent_covered": 0.0, "percent_covered_display": "0.00", "missing_lines": 11, "excluded_lines": 0}, "missing_lines": [316, 328, 329, 330, 331, 332, 333, 336, 337, 340, 341], "excluded_lines": []}, "get_hybrid_search_engine": {"executed_lines": [], "summary": {"covered_lines": 0, "num_statements": 10, "percent_covered": 0.0, "percent_covered_display": "0.00", "missing_lines": 10, "excluded_lines": 0}, "missing_lines": [348, 359, 360, 361, 364, 365, 366, 369, 370, 372], "excluded_lines": []}, "search_documents": {"executed_lines": [], "summary": {"covered_lines": 0, "num_statements": 68, "percent_covered": 0.0, "percent_covered_display": "0.00", "missing_lines": 68, "excluded_lines": 0}, "missing_lines": [393, 395, 397, 399, 400, 403, 410, 415, 418, 419, 420, 421, 422, 423, 424, 427, 429, 430, 431, 432, 434, 435, 437, 438, 439, 440, 443, 444, 445, 446, 447, 448, 449, 450, 453, 456, 457, 460, 461, 469, 479, 482, 485, 487, 488, 490, 491, 492, 497, 498, 499, 507, 508, 509, 520, 542, 545, 546, 547, 548, 553, 557, 574, 591, 592, 593, 594, 595], "excluded_lines": []}, "semantic_search": {"executed_lines": [], "summary": {"covered_lines": 0, "num_statements": 25, "percent_covered": 0.0, "percent_covered_display": "0.00", "missing_lines": 25, "excluded_lines": 0}, "missing_lines": [609, 611, 612, 615, 616, 617, 620, 621, 622, 623, 626, 632, 642, 645, 646, 670, 671, 672, 683, 700, 717, 718, 719, 720, 721], "excluded_lines": []}, "keyword_search": {"executed_lines": [], "summary": {"covered_lines": 0, "num_statements": 25, "percent_covered": 0.0, "percent_covered_display": "0.00", "missing_lines": 25, "excluded_lines": 0}, "missing_lines": [737, 739, 740, 743, 744, 745, 748, 749, 750, 751, 754, 760, 770, 773, 774, 798, 799, 800, 811, 828, 845, 846, 847, 848, 849], "excluded_lines": []}, "get_search_suggestions": {"executed_lines": [], "summary": {"covered_lines": 0, "num_statements": 13, "percent_covered": 0.0, "percent_covered_display": "0.00", "missing_lines": 13, "excluded_lines": 0}, "missing_lines": [864, 866, 867, 870, 871, 872, 886, 890, 895, 896, 897, 898, 899], "excluded_lines": []}, "get_search_config": {"executed_lines": [], "summary": {"covered_lines": 0, "num_statements": 9, "percent_covered": 0.0, "percent_covered_display": "0.00", "missing_lines": 9, "excluded_lines": 0}, "missing_lines": [912, 914, 915, 918, 949, 950, 951, 952, 953], "excluded_lines": []}, "search_semantic": {"executed_lines": [], "summary": {"covered_lines": 0, "num_statements": 2, "percent_covered": 0.0, "percent_covered_display": "0.00", "missing_lines": 2, "excluded_lines": 0}, "missing_lines": [969, 972], "excluded_lines": []}, "search_keyword": {"executed_lines": [], "summary": {"covered_lines": 0, "num_statements": 2, "percent_covered": 0.0, "percent_covered_display": "0.00", "missing_lines": 2, "excluded_lines": 0}, "missing_lines": [986, 989], "excluded_lines": []}, "": {"executed_lines": [1, 3, 4, 6, 7, 9, 10, 19, 20, 23, 24, 26, 27, 28, 31, 32, 34, 35, 38, 39, 41, 42, 45, 46, 48, 49, 50, 51, 54, 55, 57, 58, 59, 60, 61, 64, 65, 67, 68, 69, 70, 73, 74, 76, 77, 78, 79, 84, 87, 88, 89, 92, 97, 100, 103, 106, 111, 112, 114, 115, 116, 117, 120, 121, 123, 124, 125, 128, 129, 131, 132, 133, 134, 135, 136, 137, 140, 141, 142, 145, 146, 147, 148, 149, 152, 153, 158, 159, 161, 162, 165, 166, 168, 169, 172, 173, 175, 176, 177, 178, 179, 180, 181, 184, 185, 186, 187, 190, 193, 196, 197, 199, 200, 204, 244, 263, 314, 345, 380, 381, 598, 599, 726, 727, 854, 855, 904, 905, 958, 959, 975, 976], "summary": {"covered_lines": 117, "num_statements": 117, "percent_covered": 100.0, "percent_covered_display": "100.00", "missing_lines": 0, "excluded_lines": 0}, "missing_lines": [], "excluded_lines": []}}, "classes": {"SearchFilterRequest": {"executed_lines": [], "summary": {"covered_lines": 0, "num_statements": 0, "percent_covered": 100.0, "percent_covered_display": "100.00", "missing_lines": 0, "excluded_lines": 0}, "missing_lines": [], "excluded_lines": []}, "FacetRequest": {"executed_lines": [], "summary": {"covered_lines": 0, "num_statements": 0, "percent_covered": 100.0, "percent_covered_display": "100.00", "missing_lines": 0, "excluded_lines": 0}, "missing_lines": [], "excluded_lines": []}, "DateRange": {"executed_lines": [], "summary": {"covered_lines": 0, "num_statements": 0, "percent_covered": 100.0, "percent_covered_display": "100.00", "missing_lines": 0, "excluded_lines": 0}, "missing_lines": [], "excluded_lines": []}, "EnhancedFilters": {"executed_lines": [], "summary": {"covered_lines": 0, "num_statements": 0, "percent_covered": 100.0, "percent_covered_display": "100.00", "missing_lines": 0, "excluded_lines": 0}, "missing_lines": [], "excluded_lines": []}, "SearchOptions": {"executed_lines": [], "summary": {"covered_lines": 0, "num_statements": 0, "percent_covered": 100.0, "percent_covered_display": "100.00", "missing_lines": 0, "excluded_lines": 0}, "missing_lines": [], "excluded_lines": []}, "RankingOptions": {"executed_lines": [], "summary": {"covered_lines": 0, "num_statements": 0, "percent_covered": 100.0, "percent_covered_display": "100.00", "missing_lines": 0, "excluded_lines": 0}, "missing_lines": [], "excluded_lines": []}, "SearchRequest": {"executed_lines": [], "summary": {"covered_lines": 0, "num_statements": 0, "percent_covered": 100.0, "percent_covered_display": "100.00", "missing_lines": 0, "excluded_lines": 0}, "missing_lines": [], "excluded_lines": []}, "SourceInfo": {"executed_lines": [], "summary": {"covered_lines": 0, "num_statements": 0, "percent_covered": 100.0, "percent_covered_display": "100.00", "missing_lines": 0, "excluded_lines": 0}, "missing_lines": [], "excluded_lines": []}, "ContextInfo": {"executed_lines": [], "summary": {"covered_lines": 0, "num_statements": 0, "percent_covered": 100.0, "percent_covered_display": "100.00", "missing_lines": 0, "excluded_lines": 0}, "missing_lines": [], "excluded_lines": []}, "SearchResultDocument": {"executed_lines": [], "summary": {"covered_lines": 0, "num_statements": 0, "percent_covered": 100.0, "percent_covered_display": "100.00", "missing_lines": 0, "excluded_lines": 0}, "missing_lines": [], "excluded_lines": []}, "FacetValue": {"executed_lines": [], "summary": {"covered_lines": 0, "num_statements": 0, "percent_covered": 100.0, "percent_covered_display": "100.00", "missing_lines": 0, "excluded_lines": 0}, "missing_lines": [], "excluded_lines": []}, "SearchFacet": {"executed_lines": [], "summary": {"covered_lines": 0, "num_statements": 0, "percent_covered": 100.0, "percent_covered_display": "100.00", "missing_lines": 0, "excluded_lines": 0}, "missing_lines": [], "excluded_lines": []}, "SearchResponse": {"executed_lines": [], "summary": {"covered_lines": 0, "num_statements": 0, "percent_covered": 100.0, "percent_covered_display": "100.00", "missing_lines": 0, "excluded_lines": 0}, "missing_lines": [], "excluded_lines": []}, "SearchSuggestionsResponse": {"executed_lines": [], "summary": {"covered_lines": 0, "num_statements": 0, "percent_covered": 100.0, "percent_covered_display": "100.00", "missing_lines": 0, "excluded_lines": 0}, "missing_lines": [], "excluded_lines": []}, "": {"executed_lines": [1, 3, 4, 6, 7, 9, 10, 19, 20, 23, 24, 26, 27, 28, 31, 32, 34, 35, 38, 39, 41, 42, 45, 46, 48, 49, 50, 51, 54, 55, 57, 58, 59, 60, 61, 64, 65, 67, 68, 69, 70, 73, 74, 76, 77, 78, 79, 84, 87, 88, 89, 92, 97, 100, 103, 106, 111, 112, 114, 115, 116, 117, 120, 121, 123, 124, 125, 128, 129, 131, 132, 133, 134, 135, 136, 137, 140, 141, 142, 145, 146, 147, 148, 149, 152, 153, 158, 159, 161, 162, 165, 166, 168, 169, 172, 173, 175, 176, 177, 178, 179, 180, 181, 184, 185, 186, 187, 190, 193, 196, 197, 199, 200, 204, 244, 263, 314, 345, 380, 381, 598, 599, 726, 727, 854, 855, 904, 905, 958, 959, 975, 976], "summary": {"covered_lines": 117, "num_statements": 327, "percent_covered": 35.77981651376147, "percent_covered_display": "35.78", "missing_lines": 210, "excluded_lines": 0}, "missing_lines": [209, 210, 211, 212, 219, 220, 221, 222, 224, 225, 227, 228, 229, 230, 231, 232, 233, 234, 235, 236, 237, 238, 240, 246, 247, 249, 252, 253, 255, 256, 257, 258, 260, 267, 269, 270, 272, 273, 279, 280, 286, 287, 295, 296, 311, 316, 328, 329, 330, 331, 332, 333, 336, 337, 340, 341, 348, 359, 360, 361, 364, 365, 366, 369, 370, 372, 393, 395, 397, 399, 400, 403, 410, 415, 418, 419, 420, 421, 422, 423, 424, 427, 429, 430, 431, 432, 434, 435, 437, 438, 439, 440, 443, 444, 445, 446, 447, 448, 449, 450, 453, 456, 457, 460, 461, 469, 479, 482, 485, 487, 488, 490, 491, 492, 497, 498, 499, 507, 508, 509, 520, 542, 545, 546, 547, 548, 553, 557, 574, 591, 592, 593, 594, 595, 609, 611, 612, 615, 616, 617, 620, 621, 622, 623, 626, 632, 642, 645, 646, 670, 671, 672, 683, 700, 717, 718, 719, 720, 721, 737, 739, 740, 743, 744, 745, 748, 749, 750, 751, 754, 760, 770, 773, 774, 798, 799, 800, 811, 828, 845, 846, 847, 848, 849, 864, 866, 867, 870, 871, 872, 886, 890, 895, 896, 897, 898, 899, 912, 914, 915, 918, 949, 950, 951, 952, 953, 969, 972, 986, 989], "excluded_lines": []}}}, "app/api/system.py": {"executed_lines": [1, 3, 4, 5, 6, 8, 9, 11, 12, 14, 15, 18, 19, 21, 22, 23, 24, 27, 28, 30, 31, 32, 33, 34, 37, 38, 40, 41, 42, 43, 46, 47, 49, 50, 53, 54, 56, 57, 58, 61, 62, 64, 65, 66, 67, 70, 71, 73, 74, 75, 76, 78, 79, 80, 83, 84, 86, 87, 88, 90, 91, 94, 95, 97, 98, 99, 100, 102, 105, 157, 172, 173, 275, 276, 360, 361, 414, 415], "summary": {"covered_lines": 68, "num_statements": 160, "percent_covered": 42.5, "percent_covered_display": "42.50", "missing_lines": 92, "excluded_lines": 0}, "missing_lines": [109, 110, 111, 114, 115, 116, 117, 124, 125, 126, 127, 133, 134, 138, 139, 140, 141, 142, 143, 144, 145, 146, 147, 148, 149, 151, 160, 162, 169, 181, 183, 184, 187, 197, 199, 207, 208, 211, 214, 216, 231, 232, 235, 238, 240, 247, 248, 251, 254, 261, 268, 269, 270, 285, 288, 290, 297, 298, 300, 308, 311, 328, 339, 346, 353, 354, 355, 370, 372, 374, 377, 379, 382, 383, 384, 385, 387, 396, 401, 407, 408, 409, 420, 423, 424, 427, 438, 440, 441, 442, 443, 444], "excluded_lines": [], "functions": {"get_admin_user": {"executed_lines": [], "summary": {"covered_lines": 0, "num_statements": 26, "percent_covered": 0.0, "percent_covered_display": "0.00", "missing_lines": 26, "excluded_lines": 0}, "missing_lines": [109, 110, 111, 114, 115, 116, 117, 124, 125, 126, 127, 133, 134, 138, 139, 140, 141, 142, 143, 144, 145, 146, 147, 148, 149, 151], "excluded_lines": []}, "get_metrics_service": {"executed_lines": [], "summary": {"covered_lines": 0, "num_statements": 3, "percent_covered": 0.0, "percent_covered_display": "0.00", "missing_lines": 3, "excluded_lines": 0}, "missing_lines": [160, 162, 169], "excluded_lines": []}, "get_system_status": {"executed_lines": [], "summary": {"covered_lines": 0, "num_statements": 24, "percent_covered": 0.0, "percent_covered_display": "0.00", "missing_lines": 24, "excluded_lines": 0}, "missing_lines": [181, 183, 184, 187, 197, 199, 207, 208, 211, 214, 216, 231, 232, 235, 238, 240, 247, 248, 251, 254, 261, 268, 269, 270], "excluded_lines": []}, "get_system_metrics": {"executed_lines": [], "summary": {"covered_lines": 0, "num_statements": 14, "percent_covered": 0.0, "percent_covered_display": "0.00", "missing_lines": 14, "excluded_lines": 0}, "missing_lines": [285, 288, 290, 297, 298, 300, 308, 311, 328, 339, 346, 353, 354, 355], "excluded_lines": []}, "reindex_documents": {"executed_lines": [], "summary": {"covered_lines": 0, "num_statements": 15, "percent_covered": 0.0, "percent_covered_display": "0.00", "missing_lines": 15, "excluded_lines": 0}, "missing_lines": [370, 372, 374, 377, 379, 382, 383, 384, 385, 387, 396, 401, 407, 408, 409], "excluded_lines": []}, "get_reindex_status": {"executed_lines": [], "summary": {"covered_lines": 0, "num_statements": 10, "percent_covered": 0.0, "percent_covered_display": "0.00", "missing_lines": 10, "excluded_lines": 0}, "missing_lines": [420, 423, 424, 427, 438, 440, 441, 442, 443, 444], "excluded_lines": []}, "": {"executed_lines": [1, 3, 4, 5, 6, 8, 9, 11, 12, 14, 15, 18, 19, 21, 22, 23, 24, 27, 28, 30, 31, 32, 33, 34, 37, 38, 40, 41, 42, 43, 46, 47, 49, 50, 53, 54, 56, 57, 58, 61, 62, 64, 65, 66, 67, 70, 71, 73, 74, 75, 76, 78, 79, 80, 83, 84, 86, 87, 88, 90, 91, 94, 95, 97, 98, 99, 100, 102, 105, 157, 172, 173, 275, 276, 360, 361, 414, 415], "summary": {"covered_lines": 68, "num_statements": 68, "percent_covered": 100.0, "percent_covered_display": "100.00", "missing_lines": 0, "excluded_lines": 0}, "missing_lines": [], "excluded_lines": []}}, "classes": {"ComponentStatus": {"executed_lines": [], "summary": {"covered_lines": 0, "num_statements": 0, "percent_covered": 100.0, "percent_covered_display": "100.00", "missing_lines": 0, "excluded_lines": 0}, "missing_lines": [], "excluded_lines": []}, "SystemStatus": {"executed_lines": [], "summary": {"covered_lines": 0, "num_statements": 0, "percent_covered": 100.0, "percent_covered_display": "100.00", "missing_lines": 0, "excluded_lines": 0}, "missing_lines": [], "excluded_lines": []}, "SystemStatusResponse": {"executed_lines": [], "summary": {"covered_lines": 0, "num_statements": 0, "percent_covered": 100.0, "percent_covered_display": "100.00", "missing_lines": 0, "excluded_lines": 0}, "missing_lines": [], "excluded_lines": []}, "PerformanceMetrics": {"executed_lines": [], "summary": {"covered_lines": 0, "num_statements": 0, "percent_covered": 100.0, "percent_covered_display": "100.00", "missing_lines": 0, "excluded_lines": 0}, "missing_lines": [], "excluded_lines": []}, "UsageMetrics": {"executed_lines": [], "summary": {"covered_lines": 0, "num_statements": 0, "percent_covered": 100.0, "percent_covered_display": "100.00", "missing_lines": 0, "excluded_lines": 0}, "missing_lines": [], "excluded_lines": []}, "ResourceMetrics": {"executed_lines": [], "summary": {"covered_lines": 0, "num_statements": 0, "percent_covered": 100.0, "percent_covered_display": "100.00", "missing_lines": 0, "excluded_lines": 0}, "missing_lines": [], "excluded_lines": []}, "SystemMetricsResponse": {"executed_lines": [], "summary": {"covered_lines": 0, "num_statements": 0, "percent_covered": 100.0, "percent_covered_display": "100.00", "missing_lines": 0, "excluded_lines": 0}, "missing_lines": [], "excluded_lines": []}, "ReindexRequest": {"executed_lines": [], "summary": {"covered_lines": 0, "num_statements": 0, "percent_covered": 100.0, "percent_covered_display": "100.00", "missing_lines": 0, "excluded_lines": 0}, "missing_lines": [], "excluded_lines": []}, "ReindexResponse": {"executed_lines": [], "summary": {"covered_lines": 0, "num_statements": 0, "percent_covered": 100.0, "percent_covered_display": "100.00", "missing_lines": 0, "excluded_lines": 0}, "missing_lines": [], "excluded_lines": []}, "": {"executed_lines": [1, 3, 4, 5, 6, 8, 9, 11, 12, 14, 15, 18, 19, 21, 22, 23, 24, 27, 28, 30, 31, 32, 33, 34, 37, 38, 40, 41, 42, 43, 46, 47, 49, 50, 53, 54, 56, 57, 58, 61, 62, 64, 65, 66, 67, 70, 71, 73, 74, 75, 76, 78, 79, 80, 83, 84, 86, 87, 88, 90, 91, 94, 95, 97, 98, 99, 100, 102, 105, 157, 172, 173, 275, 276, 360, 361, 414, 415], "summary": {"covered_lines": 68, "num_statements": 160, "percent_covered": 42.5, "percent_covered_display": "42.50", "missing_lines": 92, "excluded_lines": 0}, "missing_lines": [109, 110, 111, 114, 115, 116, 117, 124, 125, 126, 127, 133, 134, 138, 139, 140, 141, 142, 143, 144, 145, 146, 147, 148, 149, 151, 160, 162, 169, 181, 183, 184, 187, 197, 199, 207, 208, 211, 214, 216, 231, 232, 235, 238, 240, 247, 248, 251, 254, 261, 268, 269, 270, 285, 288, 290, 297, 298, 300, 308, 311, 328, 339, 346, 353, 354, 355, 370, 372, 374, 377, 379, 382, 383, 384, 385, 387, 396, 401, 407, 408, 409, 420, 423, 424, 427, 438, 440, 441, 442, 443, 444], "excluded_lines": []}}}, "app/core/__init__.py": {"executed_lines": [0], "summary": {"covered_lines": 0, "num_statements": 0, "percent_covered": 100.0, "percent_covered_display": "100.00", "missing_lines": 0, "excluded_lines": 0}, "missing_lines": [], "excluded_lines": [], "functions": {"": {"executed_lines": [], "summary": {"covered_lines": 0, "num_statements": 0, "percent_covered": 100.0, "percent_covered_display": "100.00", "missing_lines": 0, "excluded_lines": 0}, "missing_lines": [], "excluded_lines": []}}, "classes": {"": {"executed_lines": [], "summary": {"covered_lines": 0, "num_statements": 0, "percent_covered": 100.0, "percent_covered_display": "100.00", "missing_lines": 0, "excluded_lines": 0}, "missing_lines": [], "excluded_lines": []}}}, "app/core/auth.py": {"executed_lines": [1, 3, 4, 5, 6, 7, 8, 9, 10, 12, 13, 14, 15, 18, 19, 20, 21, 24, 27, 30, 34, 36, 40, 69, 70, 72, 73, 74, 75, 78, 79, 80, 82, 83, 84, 87, 88, 89, 91, 92, 93, 96, 97, 99, 100, 101, 102, 106, 131, 140, 151, 156, 171, 176, 178, 182, 189, 201, 221, 226, 231, 244, 257, 263, 274, 281, 294, 309, 315, 321, 327, 333, 341, 356, 378, 399, 431, 437, 443, 449], "summary": {"covered_lines": 75, "num_statements": 211, "percent_covered": 35.54502369668246, "percent_covered_display": "35.55", "missing_lines": 136, "excluded_lines": 0}, "missing_lines": [110, 111, 112, 114, 117, 118, 119, 120, 121, 122, 124, 126, 127, 128, 133, 134, 135, 136, 137, 142, 143, 144, 145, 146, 147, 148, 153, 158, 159, 160, 161, 162, 165, 166, 167, 173, 184, 185, 186, 191, 192, 193, 194, 195, 196, 197, 198, 203, 204, 207, 218, 223, 228, 233, 234, 240, 241, 246, 247, 248, 250, 251, 252, 254, 260, 266, 278, 283, 286, 287, 288, 291, 301, 302, 303, 304, 305, 312, 318, 324, 330, 338, 349, 350, 352, 361, 362, 364, 365, 366, 368, 373, 375, 383, 384, 386, 387, 388, 390, 394, 396, 404, 405, 408, 409, 411, 413, 415, 418, 420, 425, 427, 434, 440, 446, 455, 456, 457, 458, 464, 465, 466, 467, 468, 470, 471, 472, 473, 474, 475, 476, 477, 478, 479, 480, 482], "excluded_lines": [], "functions": {"get_password_hash": {"executed_lines": [36], "summary": {"covered_lines": 1, "num_statements": 1, "percent_covered": 100.0, "percent_covered_display": "100.00", "missing_lines": 0, "excluded_lines": 0}, "missing_lines": [], "excluded_lines": []}, "create_access_token": {"executed_lines": [], "summary": {"covered_lines": 0, "num_statements": 14, "percent_covered": 0.0, "percent_covered_display": "0.00", "missing_lines": 14, "excluded_lines": 0}, "missing_lines": [110, 111, 112, 114, 117, 118, 119, 120, 121, 122, 124, 126, 127, 128], "excluded_lines": []}, "create_refresh_token": {"executed_lines": [], "summary": {"covered_lines": 0, "num_statements": 5, "percent_covered": 0.0, "percent_covered_display": "0.00", "missing_lines": 5, "excluded_lines": 0}, "missing_lines": [133, 134, 135, 136, 137], "excluded_lines": []}, "verify_token": {"executed_lines": [], "summary": {"covered_lines": 0, "num_statements": 7, "percent_covered": 0.0, "percent_covered_display": "0.00", "missing_lines": 7, "excluded_lines": 0}, "missing_lines": [142, 143, 144, 145, 146, 147, 148], "excluded_lines": []}, "verify_password": {"executed_lines": [], "summary": {"covered_lines": 0, "num_statements": 1, "percent_covered": 0.0, "percent_covered_display": "0.00", "missing_lines": 1, "excluded_lines": 0}, "missing_lines": [153], "excluded_lines": []}, "authenticate_user": {"executed_lines": [], "summary": {"covered_lines": 0, "num_statements": 8, "percent_covered": 0.0, "percent_covered_display": "0.00", "missing_lines": 8, "excluded_lines": 0}, "missing_lines": [158, 159, 160, 161, 162, 165, 166, 167], "excluded_lines": []}, "add_token_to_blacklist": {"executed_lines": [], "summary": {"covered_lines": 0, "num_statements": 1, "percent_covered": 0.0, "percent_covered_display": "0.00", "missing_lines": 1, "excluded_lines": 0}, "missing_lines": [173], "excluded_lines": []}, "is_token_blacklisted": {"executed_lines": [178], "summary": {"covered_lines": 1, "num_statements": 1, "percent_covered": 100.0, "percent_covered_display": "100.00", "missing_lines": 0, "excluded_lines": 0}, "missing_lines": [], "excluded_lines": []}, "generate_api_key": {"executed_lines": [], "summary": {"covered_lines": 0, "num_statements": 3, "percent_covered": 0.0, "percent_covered_display": "0.00", "missing_lines": 3, "excluded_lines": 0}, "missing_lines": [184, 185, 186], "excluded_lines": []}, "is_valid_api_key_format": {"executed_lines": [], "summary": {"covered_lines": 0, "num_statements": 8, "percent_covered": 0.0, "percent_covered_display": "0.00", "missing_lines": 8, "excluded_lines": 0}, "missing_lines": [191, 192, 193, 194, 195, 196, 197, 198], "excluded_lines": []}, "validate_api_key": {"executed_lines": [], "summary": {"covered_lines": 0, "num_statements": 4, "percent_covered": 0.0, "percent_covered_display": "0.00", "missing_lines": 4, "excluded_lines": 0}, "missing_lines": [203, 204, 207, 218], "excluded_lines": []}, "store_api_key": {"executed_lines": [], "summary": {"covered_lines": 0, "num_statements": 1, "percent_covered": 0.0, "percent_covered_display": "0.00", "missing_lines": 1, "excluded_lines": 0}, "missing_lines": [223], "excluded_lines": []}, "get_api_key_info": {"executed_lines": [], "summary": {"covered_lines": 0, "num_statements": 1, "percent_covered": 0.0, "percent_covered_display": "0.00", "missing_lines": 1, "excluded_lines": 0}, "missing_lines": [228], "excluded_lines": []}, "create_api_key_with_expiration": {"executed_lines": [], "summary": {"covered_lines": 0, "num_statements": 4, "percent_covered": 0.0, "percent_covered_display": "0.00", "missing_lines": 4, "excluded_lines": 0}, "missing_lines": [233, 234, 240, 241], "excluded_lines": []}, "is_api_key_expired": {"executed_lines": [], "summary": {"covered_lines": 0, "num_statements": 7, "percent_covered": 0.0, "percent_covered_display": "0.00", "missing_lines": 7, "excluded_lines": 0}, "missing_lines": [246, 247, 248, 250, 251, 252, 254], "excluded_lines": []}, "track_api_key_usage": {"executed_lines": [], "summary": {"covered_lines": 0, "num_statements": 1, "percent_covered": 0.0, "percent_covered_display": "0.00", "missing_lines": 1, "excluded_lines": 0}, "missing_lines": [260], "excluded_lines": []}, "get_api_key_usage_stats": {"executed_lines": [], "summary": {"covered_lines": 0, "num_statements": 1, "percent_covered": 0.0, "percent_covered_display": "0.00", "missing_lines": 1, "excluded_lines": 0}, "missing_lines": [266], "excluded_lines": []}, "has_permission": {"executed_lines": [], "summary": {"covered_lines": 0, "num_statements": 1, "percent_covered": 0.0, "percent_covered_display": "0.00", "missing_lines": 1, "excluded_lines": 0}, "missing_lines": [278], "excluded_lines": []}, "get_effective_permissions": {"executed_lines": [], "summary": {"covered_lines": 0, "num_statements": 5, "percent_covered": 0.0, "percent_covered_display": "0.00", "missing_lines": 5, "excluded_lines": 0}, "missing_lines": [283, 286, 287, 288, 291], "excluded_lines": []}, "check_resource_permission": {"executed_lines": [], "summary": {"covered_lines": 0, "num_statements": 5, "percent_covered": 0.0, "percent_covered_display": "0.00", "missing_lines": 5, "excluded_lines": 0}, "missing_lines": [301, 302, 303, 304, 305], "excluded_lines": []}, "assign_role_to_user": {"executed_lines": [], "summary": {"covered_lines": 0, "num_statements": 1, "percent_covered": 0.0, "percent_covered_display": "0.00", "missing_lines": 1, "excluded_lines": 0}, "missing_lines": [312], "excluded_lines": []}, "get_user_roles": {"executed_lines": [], "summary": {"covered_lines": 0, "num_statements": 1, "percent_covered": 0.0, "percent_covered_display": "0.00", "missing_lines": 1, "excluded_lines": 0}, "missing_lines": [318], "excluded_lines": []}, "create_role": {"executed_lines": [], "summary": {"covered_lines": 0, "num_statements": 1, "percent_covered": 0.0, "percent_covered_display": "0.00", "missing_lines": 1, "excluded_lines": 0}, "missing_lines": [324], "excluded_lines": []}, "get_role_permissions": {"executed_lines": [], "summary": {"covered_lines": 0, "num_statements": 1, "percent_covered": 0.0, "percent_covered_display": "0.00", "missing_lines": 1, "excluded_lines": 0}, "missing_lines": [330], "excluded_lines": []}, "grant_resource_permission": {"executed_lines": [], "summary": {"covered_lines": 0, "num_statements": 1, "percent_covered": 0.0, "percent_covered_display": "0.00", "missing_lines": 1, "excluded_lines": 0}, "missing_lines": [338], "excluded_lines": []}, "check_user_resource_permission": {"executed_lines": [], "summary": {"covered_lines": 0, "num_statements": 3, "percent_covered": 0.0, "percent_covered_display": "0.00", "missing_lines": 3, "excluded_lines": 0}, "missing_lines": [349, 350, 352], "excluded_lines": []}, "require_permission": {"executed_lines": [], "summary": {"covered_lines": 0, "num_statements": 2, "percent_covered": 0.0, "percent_covered_display": "0.00", "missing_lines": 2, "excluded_lines": 0}, "missing_lines": [361, 375], "excluded_lines": []}, "require_permission.decorator": {"executed_lines": [], "summary": {"covered_lines": 0, "num_statements": 2, "percent_covered": 0.0, "percent_covered_display": "0.00", "missing_lines": 2, "excluded_lines": 0}, "missing_lines": [362, 373], "excluded_lines": []}, "require_permission.decorator.wrapper": {"executed_lines": [], "summary": {"covered_lines": 0, "num_statements": 4, "percent_covered": 0.0, "percent_covered_display": "0.00", "missing_lines": 4, "excluded_lines": 0}, "missing_lines": [364, 365, 366, 368], "excluded_lines": []}, "require_role": {"executed_lines": [], "summary": {"covered_lines": 0, "num_statements": 2, "percent_covered": 0.0, "percent_covered_display": "0.00", "missing_lines": 2, "excluded_lines": 0}, "missing_lines": [383, 396], "excluded_lines": []}, "require_role.decorator": {"executed_lines": [], "summary": {"covered_lines": 0, "num_statements": 2, "percent_covered": 0.0, "percent_covered_display": "0.00", "missing_lines": 2, "excluded_lines": 0}, "missing_lines": [384, 394], "excluded_lines": []}, "require_role.decorator.wrapper": {"executed_lines": [], "summary": {"covered_lines": 0, "num_statements": 4, "percent_covered": 0.0, "percent_covered_display": "0.00", "missing_lines": 4, "excluded_lines": 0}, "missing_lines": [386, 387, 388, 390], "excluded_lines": []}, "require_resource_permission": {"executed_lines": [], "summary": {"covered_lines": 0, "num_statements": 2, "percent_covered": 0.0, "percent_covered_display": "0.00", "missing_lines": 2, "excluded_lines": 0}, "missing_lines": [404, 427], "excluded_lines": []}, "require_resource_permission.decorator": {"executed_lines": [], "summary": {"covered_lines": 0, "num_statements": 2, "percent_covered": 0.0, "percent_covered_display": "0.00", "missing_lines": 2, "excluded_lines": 0}, "missing_lines": [405, 425], "excluded_lines": []}, "require_resource_permission.decorator.wrapper": {"executed_lines": [], "summary": {"covered_lines": 0, "num_statements": 7, "percent_covered": 0.0, "percent_covered_display": "0.00", "missing_lines": 7, "excluded_lines": 0}, "missing_lines": [408, 409, 411, 413, 415, 418, 420], "excluded_lines": []}, "get_current_user_permissions": {"executed_lines": [], "summary": {"covered_lines": 0, "num_statements": 1, "percent_covered": 0.0, "percent_covered_display": "0.00", "missing_lines": 1, "excluded_lines": 0}, "missing_lines": [434], "excluded_lines": []}, "get_current_user_role": {"executed_lines": [], "summary": {"covered_lines": 0, "num_statements": 1, "percent_covered": 0.0, "percent_covered_display": "0.00", "missing_lines": 1, "excluded_lines": 0}, "missing_lines": [440], "excluded_lines": []}, "get_current_user_id": {"executed_lines": [], "summary": {"covered_lines": 0, "num_statements": 1, "percent_covered": 0.0, "percent_covered_display": "0.00", "missing_lines": 1, "excluded_lines": 0}, "missing_lines": [446], "excluded_lines": []}, "require_admin_permission": {"executed_lines": [], "summary": {"covered_lines": 0, "num_statements": 21, "percent_covered": 0.0, "percent_covered_display": "0.00", "missing_lines": 21, "excluded_lines": 0}, "missing_lines": [455, 456, 457, 458, 464, 465, 466, 467, 468, 470, 471, 472, 473, 474, 475, 476, 477, 478, 479, 480, 482], "excluded_lines": []}, "": {"executed_lines": [1, 3, 4, 5, 6, 7, 8, 9, 10, 12, 13, 14, 15, 18, 19, 20, 21, 24, 27, 30, 34, 40, 69, 70, 72, 73, 74, 75, 78, 79, 80, 82, 83, 84, 87, 88, 89, 91, 92, 93, 96, 97, 99, 100, 101, 102, 106, 131, 140, 151, 156, 171, 176, 182, 189, 201, 221, 226, 231, 244, 257, 263, 274, 281, 294, 309, 315, 321, 327, 333, 341, 356, 378, 399, 431, 437, 443, 449], "summary": {"covered_lines": 73, "num_statements": 73, "percent_covered": 100.0, "percent_covered_display": "100.00", "missing_lines": 0, "excluded_lines": 0}, "missing_lines": [], "excluded_lines": []}}, "classes": {"Permission": {"executed_lines": [], "summary": {"covered_lines": 0, "num_statements": 0, "percent_covered": 100.0, "percent_covered_display": "100.00", "missing_lines": 0, "excluded_lines": 0}, "missing_lines": [], "excluded_lines": []}, "Role": {"executed_lines": [], "summary": {"covered_lines": 0, "num_statements": 0, "percent_covered": 100.0, "percent_covered_display": "100.00", "missing_lines": 0, "excluded_lines": 0}, "missing_lines": [], "excluded_lines": []}, "ResourcePermission": {"executed_lines": [], "summary": {"covered_lines": 0, "num_statements": 0, "percent_covered": 100.0, "percent_covered_display": "100.00", "missing_lines": 0, "excluded_lines": 0}, "missing_lines": [], "excluded_lines": []}, "TokenData": {"executed_lines": [], "summary": {"covered_lines": 0, "num_statements": 0, "percent_covered": 100.0, "percent_covered_display": "100.00", "missing_lines": 0, "excluded_lines": 0}, "missing_lines": [], "excluded_lines": []}, "": {"executed_lines": [1, 3, 4, 5, 6, 7, 8, 9, 10, 12, 13, 14, 15, 18, 19, 20, 21, 24, 27, 30, 34, 36, 40, 69, 70, 72, 73, 74, 75, 78, 79, 80, 82, 83, 84, 87, 88, 89, 91, 92, 93, 96, 97, 99, 100, 101, 102, 106, 131, 140, 151, 156, 171, 176, 178, 182, 189, 201, 221, 226, 231, 244, 257, 263, 274, 281, 294, 309, 315, 321, 327, 333, 341, 356, 378, 399, 431, 437, 443, 449], "summary": {"covered_lines": 75, "num_statements": 211, "percent_covered": 35.54502369668246, "percent_covered_display": "35.55", "missing_lines": 136, "excluded_lines": 0}, "missing_lines": [110, 111, 112, 114, 117, 118, 119, 120, 121, 122, 124, 126, 127, 128, 133, 134, 135, 136, 137, 142, 143, 144, 145, 146, 147, 148, 153, 158, 159, 160, 161, 162, 165, 166, 167, 173, 184, 185, 186, 191, 192, 193, 194, 195, 196, 197, 198, 203, 204, 207, 218, 223, 228, 233, 234, 240, 241, 246, 247, 248, 250, 251, 252, 254, 260, 266, 278, 283, 286, 287, 288, 291, 301, 302, 303, 304, 305, 312, 318, 324, 330, 338, 349, 350, 352, 361, 362, 364, 365, 366, 368, 373, 375, 383, 384, 386, 387, 388, 390, 394, 396, 404, 405, 408, 409, 411, 413, 415, 418, 420, 425, 427, 434, 440, 446, 455, 456, 457, 458, 464, 465, 466, 467, 468, 470, 471, 472, 473, 474, 475, 476, 477, 478, 479, 480, 482], "excluded_lines": []}}}, "app/core/exceptions.py": {"executed_lines": [1, 4, 5, 7, 15, 16, 18, 22, 23, 25, 29, 30, 32, 36, 37, 39, 43, 44, 46], "summary": {"covered_lines": 12, "num_statements": 20, "percent_covered": 60.0, "percent_covered_display": "60.00", "missing_lines": 8, "excluded_lines": 0}, "missing_lines": [10, 11, 12, 19, 26, 33, 40, 47], "excluded_lines": [], "functions": {"RAGSystemError.__init__": {"executed_lines": [], "summary": {"covered_lines": 0, "num_statements": 3, "percent_covered": 0.0, "percent_covered_display": "0.00", "missing_lines": 3, "excluded_lines": 0}, "missing_lines": [10, 11, 12], "excluded_lines": []}, "DatabaseError.__init__": {"executed_lines": [], "summary": {"covered_lines": 0, "num_statements": 1, "percent_covered": 0.0, "percent_covered_display": "0.00", "missing_lines": 1, "excluded_lines": 0}, "missing_lines": [19], "excluded_lines": []}, "VectorDatabaseError.__init__": {"executed_lines": [], "summary": {"covered_lines": 0, "num_statements": 1, "percent_covered": 0.0, "percent_covered_display": "0.00", "missing_lines": 1, "excluded_lines": 0}, "missing_lines": [26], "excluded_lines": []}, "ValidationError.__init__": {"executed_lines": [], "summary": {"covered_lines": 0, "num_statements": 1, "percent_covered": 0.0, "percent_covered_display": "0.00", "missing_lines": 1, "excluded_lines": 0}, "missing_lines": [33], "excluded_lines": []}, "AuthenticationError.__init__": {"executed_lines": [], "summary": {"covered_lines": 0, "num_statements": 1, "percent_covered": 0.0, "percent_covered_display": "0.00", "missing_lines": 1, "excluded_lines": 0}, "missing_lines": [40], "excluded_lines": []}, "AuthorizationError.__init__": {"executed_lines": [], "summary": {"covered_lines": 0, "num_statements": 1, "percent_covered": 0.0, "percent_covered_display": "0.00", "missing_lines": 1, "excluded_lines": 0}, "missing_lines": [47], "excluded_lines": []}, "": {"executed_lines": [1, 4, 5, 7, 15, 16, 18, 22, 23, 25, 29, 30, 32, 36, 37, 39, 43, 44, 46], "summary": {"covered_lines": 12, "num_statements": 12, "percent_covered": 100.0, "percent_covered_display": "100.00", "missing_lines": 0, "excluded_lines": 0}, "missing_lines": [], "excluded_lines": []}}, "classes": {"RAGSystemError": {"executed_lines": [], "summary": {"covered_lines": 0, "num_statements": 3, "percent_covered": 0.0, "percent_covered_display": "0.00", "missing_lines": 3, "excluded_lines": 0}, "missing_lines": [10, 11, 12], "excluded_lines": []}, "DatabaseError": {"executed_lines": [], "summary": {"covered_lines": 0, "num_statements": 1, "percent_covered": 0.0, "percent_covered_display": "0.00", "missing_lines": 1, "excluded_lines": 0}, "missing_lines": [19], "excluded_lines": []}, "VectorDatabaseError": {"executed_lines": [], "summary": {"covered_lines": 0, "num_statements": 1, "percent_covered": 0.0, "percent_covered_display": "0.00", "missing_lines": 1, "excluded_lines": 0}, "missing_lines": [26], "excluded_lines": []}, "ValidationError": {"executed_lines": [], "summary": {"covered_lines": 0, "num_statements": 1, "percent_covered": 0.0, "percent_covered_display": "0.00", "missing_lines": 1, "excluded_lines": 0}, "missing_lines": [33], "excluded_lines": []}, "AuthenticationError": {"executed_lines": [], "summary": {"covered_lines": 0, "num_statements": 1, "percent_covered": 0.0, "percent_covered_display": "0.00", "missing_lines": 1, "excluded_lines": 0}, "missing_lines": [40], "excluded_lines": []}, "AuthorizationError": {"executed_lines": [], "summary": {"covered_lines": 0, "num_statements": 1, "percent_covered": 0.0, "percent_covered_display": "0.00", "missing_lines": 1, "excluded_lines": 0}, "missing_lines": [47], "excluded_lines": []}, "": {"executed_lines": [1, 4, 5, 7, 15, 16, 18, 22, 23, 25, 29, 30, 32, 36, 37, 39, 43, 44, 46], "summary": {"covered_lines": 12, "num_statements": 12, "percent_covered": 100.0, "percent_covered_display": "100.00", "missing_lines": 0, "excluded_lines": 0}, "missing_lines": [], "excluded_lines": []}}}, "app/core/middleware.py": {"executed_lines": [], "summary": {"covered_lines": 0, "num_statements": 139, "percent_covered": 0.0, "percent_covered_display": "0.00", "missing_lines": 139, "excluded_lines": 0}, "missing_lines": [3, 4, 6, 7, 8, 10, 13, 16, 18, 19, 20, 25, 26, 27, 28, 32, 33, 39, 41, 42, 47, 48, 49, 50, 51, 54, 55, 60, 63, 65, 66, 67, 71, 73, 74, 75, 79, 82, 85, 86, 87, 89, 92, 93, 94, 95, 98, 99, 100, 101, 104, 109, 112, 113, 115, 117, 118, 119, 124, 127, 128, 129, 130, 131, 136, 138, 139, 143, 146, 149, 150, 152, 154, 155, 156, 161, 162, 163, 167, 170, 173, 174, 175, 177, 179, 180, 181, 183, 184, 187, 189, 197, 200, 201, 202, 203, 205, 208, 209, 211, 214, 221, 222, 228, 229, 232, 235, 237, 238, 239, 241, 242, 243, 244, 245, 246, 248, 250, 252, 254, 257, 260, 261, 263, 265, 267, 269, 270, 273, 276, 277, 279, 281, 282, 285, 288, 290, 302, 304], "excluded_lines": [], "functions": {"JWTAuthenticationMiddleware.authenticate": {"executed_lines": [], "summary": {"covered_lines": 0, "num_statements": 19, "percent_covered": 0.0, "percent_covered_display": "0.00", "missing_lines": 19, "excluded_lines": 0}, "missing_lines": [18, 19, 20, 25, 26, 27, 28, 32, 33, 39, 41, 42, 47, 48, 49, 50, 51, 54, 55], "excluded_lines": []}, "APIKeyAuthenticationMiddleware.authenticate": {"executed_lines": [], "summary": {"covered_lines": 0, "num_statements": 8, "percent_covered": 0.0, "percent_covered_display": "0.00", "missing_lines": 8, "excluded_lines": 0}, "missing_lines": [65, 66, 67, 71, 73, 74, 75, 79], "excluded_lines": []}, "CombinedAuthenticationMiddleware.__init__": {"executed_lines": [], "summary": {"covered_lines": 0, "num_statements": 2, "percent_covered": 0.0, "percent_covered_display": "0.00", "missing_lines": 2, "excluded_lines": 0}, "missing_lines": [86, 87], "excluded_lines": []}, "CombinedAuthenticationMiddleware.authenticate": {"executed_lines": [], "summary": {"covered_lines": 0, "num_statements": 9, "percent_covered": 0.0, "percent_covered_display": "0.00", "missing_lines": 9, "excluded_lines": 0}, "missing_lines": [92, 93, 94, 95, 98, 99, 100, 101, 104], "excluded_lines": []}, "PermissionMiddleware.__init__": {"executed_lines": [], "summary": {"covered_lines": 0, "num_statements": 1, "percent_covered": 0.0, "percent_covered_display": "0.00", "missing_lines": 1, "excluded_lines": 0}, "missing_lines": [113], "excluded_lines": []}, "PermissionMiddleware.check_permission": {"executed_lines": [], "summary": {"covered_lines": 0, "num_statements": 13, "percent_covered": 0.0, "percent_covered_display": "0.00", "missing_lines": 13, "excluded_lines": 0}, "missing_lines": [117, 118, 119, 124, 127, 128, 129, 130, 131, 136, 138, 139, 143], "excluded_lines": []}, "RoleMiddleware.__init__": {"executed_lines": [], "summary": {"covered_lines": 0, "num_statements": 1, "percent_covered": 0.0, "percent_covered_display": "0.00", "missing_lines": 1, "excluded_lines": 0}, "missing_lines": [150], "excluded_lines": []}, "RoleMiddleware.check_role": {"executed_lines": [], "summary": {"covered_lines": 0, "num_statements": 7, "percent_covered": 0.0, "percent_covered_display": "0.00", "missing_lines": 7, "excluded_lines": 0}, "missing_lines": [154, 155, 156, 161, 162, 163, 167], "excluded_lines": []}, "ResourcePermissionMiddleware.__init__": {"executed_lines": [], "summary": {"covered_lines": 0, "num_statements": 2, "percent_covered": 0.0, "percent_covered_display": "0.00", "missing_lines": 2, "excluded_lines": 0}, "missing_lines": [174, 175], "excluded_lines": []}, "ResourcePermissionMiddleware.check_resource_permission": {"executed_lines": [], "summary": {"covered_lines": 0, "num_statements": 7, "percent_covered": 0.0, "percent_covered_display": "0.00", "missing_lines": 7, "excluded_lines": 0}, "missing_lines": [179, 180, 181, 183, 184, 187, 189], "excluded_lines": []}, "RateLimitMiddleware.__init__": {"executed_lines": [], "summary": {"covered_lines": 0, "num_statements": 3, "percent_covered": 0.0, "percent_covered_display": "0.00", "missing_lines": 3, "excluded_lines": 0}, "missing_lines": [201, 202, 203], "excluded_lines": []}, "RateLimitMiddleware.check_rate_limit": {"executed_lines": [], "summary": {"covered_lines": 0, "num_statements": 8, "percent_covered": 0.0, "percent_covered_display": "0.00", "missing_lines": 8, "excluded_lines": 0}, "missing_lines": [208, 209, 211, 214, 221, 222, 228, 229], "excluded_lines": []}, "TokenBlacklistMiddleware.check_token_blacklist": {"executed_lines": [], "summary": {"covered_lines": 0, "num_statements": 11, "percent_covered": 0.0, "percent_covered_display": "0.00", "missing_lines": 11, "excluded_lines": 0}, "missing_lines": [237, 238, 239, 241, 242, 243, 244, 245, 246, 248, 250], "excluded_lines": []}, "TokenBlacklistMiddleware.check_blacklist": {"executed_lines": [], "summary": {"covered_lines": 0, "num_statements": 1, "percent_covered": 0.0, "percent_covered_display": "0.00", "missing_lines": 1, "excluded_lines": 0}, "missing_lines": [254], "excluded_lines": []}, "MiddlewareChain.__init__": {"executed_lines": [], "summary": {"covered_lines": 0, "num_statements": 1, "percent_covered": 0.0, "percent_covered_display": "0.00", "missing_lines": 1, "excluded_lines": 0}, "missing_lines": [261], "excluded_lines": []}, "MiddlewareChain.add_middleware": {"executed_lines": [], "summary": {"covered_lines": 0, "num_statements": 1, "percent_covered": 0.0, "percent_covered_display": "0.00", "missing_lines": 1, "excluded_lines": 0}, "missing_lines": [265], "excluded_lines": []}, "MiddlewareChain.get_ordered_middleware": {"executed_lines": [], "summary": {"covered_lines": 0, "num_statements": 2, "percent_covered": 0.0, "percent_covered_display": "0.00", "missing_lines": 2, "excluded_lines": 0}, "missing_lines": [269, 270], "excluded_lines": []}, "ConditionalMiddleware.__init__": {"executed_lines": [], "summary": {"covered_lines": 0, "num_statements": 1, "percent_covered": 0.0, "percent_covered_display": "0.00", "missing_lines": 1, "excluded_lines": 0}, "missing_lines": [277], "excluded_lines": []}, "ConditionalMiddleware.should_skip_authentication": {"executed_lines": [], "summary": {"covered_lines": 0, "num_statements": 2, "percent_covered": 0.0, "percent_covered_display": "0.00", "missing_lines": 2, "excluded_lines": 0}, "missing_lines": [281, 282], "excluded_lines": []}, "ErrorHandlingMiddleware.handle_auth_error": {"executed_lines": [], "summary": {"covered_lines": 0, "num_statements": 1, "percent_covered": 0.0, "percent_covered_display": "0.00", "missing_lines": 1, "excluded_lines": 0}, "missing_lines": [290], "excluded_lines": []}, "ErrorHandlingMiddleware.handle_authz_error": {"executed_lines": [], "summary": {"covered_lines": 0, "num_statements": 1, "percent_covered": 0.0, "percent_covered_display": "0.00", "missing_lines": 1, "excluded_lines": 0}, "missing_lines": [304], "excluded_lines": []}, "": {"executed_lines": [], "summary": {"covered_lines": 0, "num_statements": 38, "percent_covered": 0.0, "percent_covered_display": "0.00", "missing_lines": 38, "excluded_lines": 0}, "missing_lines": [3, 4, 6, 7, 8, 10, 13, 16, 60, 63, 82, 85, 89, 109, 112, 115, 146, 149, 152, 170, 173, 177, 197, 200, 205, 232, 235, 252, 257, 260, 263, 267, 273, 276, 279, 285, 288, 302], "excluded_lines": []}}, "classes": {"JWTAuthenticationMiddleware": {"executed_lines": [], "summary": {"covered_lines": 0, "num_statements": 19, "percent_covered": 0.0, "percent_covered_display": "0.00", "missing_lines": 19, "excluded_lines": 0}, "missing_lines": [18, 19, 20, 25, 26, 27, 28, 32, 33, 39, 41, 42, 47, 48, 49, 50, 51, 54, 55], "excluded_lines": []}, "APIKeyAuthenticationMiddleware": {"executed_lines": [], "summary": {"covered_lines": 0, "num_statements": 8, "percent_covered": 0.0, "percent_covered_display": "0.00", "missing_lines": 8, "excluded_lines": 0}, "missing_lines": [65, 66, 67, 71, 73, 74, 75, 79], "excluded_lines": []}, "CombinedAuthenticationMiddleware": {"executed_lines": [], "summary": {"covered_lines": 0, "num_statements": 11, "percent_covered": 0.0, "percent_covered_display": "0.00", "missing_lines": 11, "excluded_lines": 0}, "missing_lines": [86, 87, 92, 93, 94, 95, 98, 99, 100, 101, 104], "excluded_lines": []}, "PermissionMiddleware": {"executed_lines": [], "summary": {"covered_lines": 0, "num_statements": 14, "percent_covered": 0.0, "percent_covered_display": "0.00", "missing_lines": 14, "excluded_lines": 0}, "missing_lines": [113, 117, 118, 119, 124, 127, 128, 129, 130, 131, 136, 138, 139, 143], "excluded_lines": []}, "RoleMiddleware": {"executed_lines": [], "summary": {"covered_lines": 0, "num_statements": 8, "percent_covered": 0.0, "percent_covered_display": "0.00", "missing_lines": 8, "excluded_lines": 0}, "missing_lines": [150, 154, 155, 156, 161, 162, 163, 167], "excluded_lines": []}, "ResourcePermissionMiddleware": {"executed_lines": [], "summary": {"covered_lines": 0, "num_statements": 9, "percent_covered": 0.0, "percent_covered_display": "0.00", "missing_lines": 9, "excluded_lines": 0}, "missing_lines": [174, 175, 179, 180, 181, 183, 184, 187, 189], "excluded_lines": []}, "RateLimitMiddleware": {"executed_lines": [], "summary": {"covered_lines": 0, "num_statements": 11, "percent_covered": 0.0, "percent_covered_display": "0.00", "missing_lines": 11, "excluded_lines": 0}, "missing_lines": [201, 202, 203, 208, 209, 211, 214, 221, 222, 228, 229], "excluded_lines": []}, "TokenBlacklistMiddleware": {"executed_lines": [], "summary": {"covered_lines": 0, "num_statements": 12, "percent_covered": 0.0, "percent_covered_display": "0.00", "missing_lines": 12, "excluded_lines": 0}, "missing_lines": [237, 238, 239, 241, 242, 243, 244, 245, 246, 248, 250, 254], "excluded_lines": []}, "MiddlewareChain": {"executed_lines": [], "summary": {"covered_lines": 0, "num_statements": 4, "percent_covered": 0.0, "percent_covered_display": "0.00", "missing_lines": 4, "excluded_lines": 0}, "missing_lines": [261, 265, 269, 270], "excluded_lines": []}, "ConditionalMiddleware": {"executed_lines": [], "summary": {"covered_lines": 0, "num_statements": 3, "percent_covered": 0.0, "percent_covered_display": "0.00", "missing_lines": 3, "excluded_lines": 0}, "missing_lines": [277, 281, 282], "excluded_lines": []}, "ErrorHandlingMiddleware": {"executed_lines": [], "summary": {"covered_lines": 0, "num_statements": 2, "percent_covered": 0.0, "percent_covered_display": "0.00", "missing_lines": 2, "excluded_lines": 0}, "missing_lines": [290, 304], "excluded_lines": []}, "": {"executed_lines": [], "summary": {"covered_lines": 0, "num_statements": 38, "percent_covered": 0.0, "percent_covered_display": "0.00", "missing_lines": 38, "excluded_lines": 0}, "missing_lines": [3, 4, 6, 7, 8, 10, 13, 16, 60, 63, 82, 85, 89, 109, 112, 115, 146, 149, 152, 170, 173, 177, 197, 200, 205, 232, 235, 252, 257, 260, 263, 267, 273, 276, 279, 285, 288, 302], "excluded_lines": []}}}, "app/database/__init__.py": {"executed_lines": [], "summary": {"covered_lines": 0, "num_statements": 0, "percent_covered": 100.0, "percent_covered_display": "100.00", "missing_lines": 0, "excluded_lines": 0}, "missing_lines": [], "excluded_lines": [], "functions": {"": {"executed_lines": [], "summary": {"covered_lines": 0, "num_statements": 0, "percent_covered": 100.0, "percent_covered_display": "100.00", "missing_lines": 0, "excluded_lines": 0}, "missing_lines": [], "excluded_lines": []}}, "classes": {"": {"executed_lines": [], "summary": {"covered_lines": 0, "num_statements": 0, "percent_covered": 100.0, "percent_covered_display": "100.00", "missing_lines": 0, "excluded_lines": 0}, "missing_lines": [], "excluded_lines": []}}}, "app/database/migration.py": {"executed_lines": [], "summary": {"covered_lines": 0, "num_statements": 94, "percent_covered": 0.0, "percent_covered_display": "0.00", "missing_lines": 94, "excluded_lines": 0}, "missing_lines": [3, 4, 6, 7, 8, 9, 10, 13, 16, 17, 18, 19, 21, 23, 24, 27, 29, 31, 34, 35, 38, 40, 42, 44, 48, 51, 53, 54, 57, 58, 64, 66, 70, 72, 73, 74, 75, 76, 78, 80, 81, 82, 89, 94, 96, 97, 98, 99, 100, 102, 104, 106, 107, 109, 110, 111, 120, 122, 124, 126, 127, 128, 130, 132, 134, 135, 136, 139, 141, 142, 143, 146, 148, 151, 154, 157, 158, 160, 163, 167, 169, 170, 173, 174, 180, 183, 185, 189, 192, 193, 195, 196, 198, 200], "excluded_lines": [], "functions": {"MigrationManager.__init__": {"executed_lines": [], "summary": {"covered_lines": 0, "num_statements": 3, "percent_covered": 0.0, "percent_covered_display": "0.00", "missing_lines": 3, "excluded_lines": 0}, "missing_lines": [17, 18, 19], "excluded_lines": []}, "MigrationManager._get_config": {"executed_lines": [], "summary": {"covered_lines": 0, "num_statements": 3, "percent_covered": 0.0, "percent_covered_display": "0.00", "missing_lines": 3, "excluded_lines": 0}, "missing_lines": [23, 24, 27], "excluded_lines": []}, "MigrationManager.initialize_migrations": {"executed_lines": [], "summary": {"covered_lines": 0, "num_statements": 6, "percent_covered": 0.0, "percent_covered_display": "0.00", "missing_lines": 6, "excluded_lines": 0}, "missing_lines": [31, 34, 35, 38, 40, 42], "excluded_lines": []}, "MigrationManager.create_migration": {"executed_lines": [], "summary": {"covered_lines": 0, "num_statements": 7, "percent_covered": 0.0, "percent_covered_display": "0.00", "missing_lines": 7, "excluded_lines": 0}, "missing_lines": [48, 51, 53, 54, 57, 58, 64], "excluded_lines": []}, "MigrationManager.run_migrations": {"executed_lines": [], "summary": {"covered_lines": 0, "num_statements": 10, "percent_covered": 0.0, "percent_covered_display": "0.00", "missing_lines": 10, "excluded_lines": 0}, "missing_lines": [70, 72, 73, 74, 75, 76, 78, 80, 81, 82], "excluded_lines": []}, "MigrationManager.get_current_revision": {"executed_lines": [], "summary": {"covered_lines": 0, "num_statements": 7, "percent_covered": 0.0, "percent_covered_display": "0.00", "missing_lines": 7, "excluded_lines": 0}, "missing_lines": [94, 96, 97, 98, 99, 100, 102], "excluded_lines": []}, "MigrationManager.get_migration_history": {"executed_lines": [], "summary": {"covered_lines": 0, "num_statements": 6, "percent_covered": 0.0, "percent_covered_display": "0.00", "missing_lines": 6, "excluded_lines": 0}, "missing_lines": [106, 107, 109, 110, 111, 120], "excluded_lines": []}, "MigrationManager.is_up_to_date": {"executed_lines": [], "summary": {"covered_lines": 0, "num_statements": 5, "percent_covered": 0.0, "percent_covered_display": "0.00", "missing_lines": 5, "excluded_lines": 0}, "missing_lines": [124, 126, 127, 128, 130], "excluded_lines": []}, "MigrationManager.validate_migrations": {"executed_lines": [], "summary": {"covered_lines": 0, "num_statements": 7, "percent_covered": 0.0, "percent_covered_display": "0.00", "missing_lines": 7, "excluded_lines": 0}, "missing_lines": [134, 135, 136, 139, 141, 142, 143], "excluded_lines": []}, "create_alembic_config": {"executed_lines": [], "summary": {"covered_lines": 0, "num_statements": 6, "percent_covered": 0.0, "percent_covered_display": "0.00", "missing_lines": 6, "excluded_lines": 0}, "missing_lines": [148, 151, 154, 157, 158, 160], "excluded_lines": []}, "create_migration": {"executed_lines": [], "summary": {"covered_lines": 0, "num_statements": 6, "percent_covered": 0.0, "percent_covered_display": "0.00", "missing_lines": 6, "excluded_lines": 0}, "missing_lines": [167, 169, 170, 173, 174, 180], "excluded_lines": []}, "run_migrations": {"executed_lines": [], "summary": {"covered_lines": 0, "num_statements": 1, "percent_covered": 0.0, "percent_covered_display": "0.00", "missing_lines": 1, "excluded_lines": 0}, "missing_lines": [185], "excluded_lines": []}, "AsyncMigrationManager.__init__": {"executed_lines": [], "summary": {"covered_lines": 0, "num_statements": 1, "percent_covered": 0.0, "percent_covered_display": "0.00", "missing_lines": 1, "excluded_lines": 0}, "missing_lines": [193], "excluded_lines": []}, "AsyncMigrationManager.__aenter__": {"executed_lines": [], "summary": {"covered_lines": 0, "num_statements": 1, "percent_covered": 0.0, "percent_covered_display": "0.00", "missing_lines": 1, "excluded_lines": 0}, "missing_lines": [196], "excluded_lines": []}, "AsyncMigrationManager.__aexit__": {"executed_lines": [], "summary": {"covered_lines": 0, "num_statements": 1, "percent_covered": 0.0, "percent_covered_display": "0.00", "missing_lines": 1, "excluded_lines": 0}, "missing_lines": [200], "excluded_lines": []}, "": {"executed_lines": [], "summary": {"covered_lines": 0, "num_statements": 24, "percent_covered": 0.0, "percent_covered_display": "0.00", "missing_lines": 24, "excluded_lines": 0}, "missing_lines": [3, 4, 6, 7, 8, 9, 10, 13, 16, 21, 29, 44, 66, 89, 104, 122, 132, 146, 163, 183, 189, 192, 195, 198], "excluded_lines": []}}, "classes": {"MigrationManager": {"executed_lines": [], "summary": {"covered_lines": 0, "num_statements": 54, "percent_covered": 0.0, "percent_covered_display": "0.00", "missing_lines": 54, "excluded_lines": 0}, "missing_lines": [17, 18, 19, 23, 24, 27, 31, 34, 35, 38, 40, 42, 48, 51, 53, 54, 57, 58, 64, 70, 72, 73, 74, 75, 76, 78, 80, 81, 82, 94, 96, 97, 98, 99, 100, 102, 106, 107, 109, 110, 111, 120, 124, 126, 127, 128, 130, 134, 135, 136, 139, 141, 142, 143], "excluded_lines": []}, "AsyncMigrationManager": {"executed_lines": [], "summary": {"covered_lines": 0, "num_statements": 3, "percent_covered": 0.0, "percent_covered_display": "0.00", "missing_lines": 3, "excluded_lines": 0}, "missing_lines": [193, 196, 200], "excluded_lines": []}, "": {"executed_lines": [], "summary": {"covered_lines": 0, "num_statements": 37, "percent_covered": 0.0, "percent_covered_display": "0.00", "missing_lines": 37, "excluded_lines": 0}, "missing_lines": [3, 4, 6, 7, 8, 9, 10, 13, 16, 21, 29, 44, 66, 89, 104, 122, 132, 146, 148, 151, 154, 157, 158, 160, 163, 167, 169, 170, 173, 174, 180, 183, 185, 189, 192, 195, 198], "excluded_lines": []}}}, "app/database/production_config.py": {"executed_lines": [], "summary": {"covered_lines": 0, "num_statements": 491, "percent_covered": 0.0, "percent_covered_display": "0.00", "missing_lines": 491, "excluded_lines": 0}, "missing_lines": [11, 12, 13, 14, 15, 16, 17, 18, 19, 20, 21, 22, 24, 27, 30, 31, 32, 33, 36, 39, 40, 41, 42, 45, 46, 50, 51, 54, 55, 56, 57, 60, 61, 64, 65, 66, 67, 70, 71, 72, 73, 74, 75, 78, 79, 80, 81, 82, 85, 86, 87, 88, 89, 91, 93, 94, 95, 96, 97, 98, 99, 100, 102, 104, 105, 106, 108, 110, 111, 112, 114, 116, 119, 120, 123, 124, 125, 126, 127, 128, 131, 132, 133, 134, 142, 143, 144, 154, 156, 157, 159, 162, 163, 164, 165
[...]
SuggestionsConfig.__post_init__": {"executed_lines": [], "summary": {"covered_lines": 0, "num_statements": 6, "percent_covered": 0.0, "percent_covered_display": "0.00", "missing_lines": 6, "excluded_lines": 0}, "missing_lines": [74, 75, 76, 77, 78, 79], "excluded_lines": []}, "SuggestionCandidate.__post_init__": {"executed_lines": [], "summary": {"covered_lines": 0, "num_statements": 2, "percent_covered": 0.0, "percent_covered_display": "0.00", "missing_lines": 2, "excluded_lines": 0}, "missing_lines": [108, 109], "excluded_lines": []}, "SuggestionResult.get_summary": {"executed_lines": [], "summary": {"covered_lines": 0, "num_statements": 1, "percent_covered": 0.0, "percent_covered_display": "0.00", "missing_lines": 1, "excluded_lines": 0}, "missing_lines": [137], "excluded_lines": []}, "BaseSuggester.__init__": {"executed_lines": [], "summary": {"covered_lines": 0, "num_statements": 1, "percent_covered": 0.0, "percent_covered_display": "0.00", "missing_lines": 1, "excluded_lines": 0}, "missing_lines": [151], "excluded_lines": []}, "BaseSuggester.suggest": {"executed_lines": [], "summary": {"covered_lines": 0, "num_statements": 0, "percent_covered": 100.0, "percent_covered_display": "100.00", "missing_lines": 0, "excluded_lines": 1}, "missing_lines": [], "excluded_lines": [155]}, "AutocompleteSuggester.__init__": {"executed_lines": [], "summary": {"covered_lines": 0, "num_statements": 4, "percent_covered": 0.0, "percent_covered_display": "0.00", "missing_lines": 4, "excluded_lines": 0}, "missing_lines": [162, 163, 164, 165], "excluded_lines": []}, "AutocompleteSuggester.suggest": {"executed_lines": [], "summary": {"covered_lines": 0, "num_statements": 9, "percent_covered": 0.0, "percent_covered_display": "0.00", "missing_lines": 9, "excluded_lines": 0}, "missing_lines": [169, 172, 175, 176, 177, 178, 180, 187, 189], "excluded_lines": []}, "AutocompleteSuggester._get_prefix_matches": {"executed_lines": [], "summary": {"covered_lines": 0, "num_statements": 10, "percent_covered": 0.0, "percent_covered_display": "0.00", "missing_lines": 10, "excluded_lines": 0}, "missing_lines": [194, 195, 235, 236, 237, 238, 239, 240, 243, 244], "excluded_lines": []}, "AutocompleteSuggester._get_frequency": {"executed_lines": [], "summary": {"covered_lines": 0, "num_statements": 2, "percent_covered": 0.0, "percent_covered_display": "0.00", "missing_lines": 2, "excluded_lines": 0}, "missing_lines": [249, 260], "excluded_lines": []}, "AutocompleteSuggester._calculate_autocomplete_score": {"executed_lines": [], "summary": {"covered_lines": 0, "num_statements": 8, "percent_covered": 0.0, "percent_covered_display": "0.00", "missing_lines": 8, "excluded_lines": 0}, "missing_lines": [267, 270, 273, 276, 277, 278, 280, 281], "excluded_lines": []}, "ContextualSuggester.__init__": {"executed_lines": [], "summary": {"covered_lines": 0, "num_statements": 2, "percent_covered": 0.0, "percent_covered_display": "0.00", "missing_lines": 2, "excluded_lines": 0}, "missing_lines": [288, 289], "excluded_lines": []}, "ContextualSuggester.suggest": {"executed_lines": [], "summary": {"covered_lines": 0, "num_statements": 7, "percent_covered": 0.0, "percent_covered_display": "0.00", "missing_lines": 7, "excluded_lines": 0}, "missing_lines": [293, 294, 295, 297, 300, 303, 307], "excluded_lines": []}, "ContextualSuggester._analyze_context": {"executed_lines": [], "summary": {"covered_lines": 0, "num_statements": 17, "percent_covered": 0.0, "percent_covered_display": "0.00", "missing_lines": 17, "excluded_lines": 0}, "missing_lines": [311, 320, 321, 322, 327, 328, 331, 332, 334, 335, 336, 337, 338, 339, 342, 345, 347], "excluded_lines": []}, "ContextualSuggester._generate_contextual_suggestions": {"executed_lines": [], "summary": {"covered_lines": 0, "num_statements": 15, "percent_covered": 0.0, "percent_covered_display": "0.00", "missing_lines": 15, "excluded_lines": 0}, "missing_lines": [353, 356, 361, 366, 371, 376, 377, 378, 379, 382, 383, 386, 391, 402, 404], "excluded_lines": []}, "ContextualSuggester._get_domain_specific_suggestions": {"executed_lines": [], "summary": {"covered_lines": 0, "num_statements": 10, "percent_covered": 0.0, "percent_covered_display": "0.00", "missing_lines": 10, "excluded_lines": 0}, "missing_lines": [410, 445, 446, 448, 449, 450, 451, 452, 453, 455], "excluded_lines": []}, "ContextualSuggester._get_preference_based_suggestions": {"executed_lines": [], "summary": {"covered_lines": 0, "num_statements": 11, "percent_covered": 0.0, "percent_covered_display": "0.00", "missing_lines": 11, "excluded_lines": 0}, "missing_lines": [461, 463, 478, 479, 480, 481, 482, 483, 484, 485, 487], "excluded_lines": []}, "ContextualSuggester._get_recent_search_related_suggestions": {"executed_lines": [], "summary": {"covered_lines": 0, "num_statements": 7, "percent_covered": 0.0, "percent_covered_display": "0.00", "missing_lines": 7, "excluded_lines": 0}, "missing_lines": [493, 495, 496, 501, 502, 503, 513], "excluded_lines": []}, "PersonalizedSuggester.__init__": {"executed_lines": [], "summary": {"covered_lines": 0, "num_statements": 2, "percent_covered": 0.0, "percent_covered_display": "0.00", "missing_lines": 2, "excluded_lines": 0}, "missing_lines": [520, 521], "excluded_lines": []}, "PersonalizedSuggester.suggest": {"executed_lines": [], "summary": {"covered_lines": 0, "num_statements": 7, "percent_covered": 0.0, "percent_covered_display": "0.00", "missing_lines": 7, "excluded_lines": 0}, "missing_lines": [525, 526, 527, 529, 532, 535, 539], "excluded_lines": []}, "PersonalizedSuggester._get_user_profile": {"executed_lines": [], "summary": {"covered_lines": 0, "num_statements": 2, "percent_covered": 0.0, "percent_covered_display": "0.00", "missing_lines": 2, "excluded_lines": 0}, "missing_lines": [544, 565], "excluded_lines": []}, "PersonalizedSuggester._generate_personalized_suggestions": {"executed_lines": [], "summary": {"covered_lines": 0, "num_statements": 19, "percent_covered": 0.0, "percent_covered_display": "0.00", "missing_lines": 19, "excluded_lines": 0}, "missing_lines": [579, 580, 581, 584, 587, 590, 593, 595, 597, 600, 603, 604, 605, 606, 610, 613, 618, 629, 631], "excluded_lines": []}, "PersonalizedSuggester._get_interest_based_suggestions": {"executed_lines": [], "summary": {"covered_lines": 0, "num_statements": 11, "percent_covered": 0.0, "percent_covered_display": "0.00", "missing_lines": 11, "excluded_lines": 0}, "missing_lines": [637, 639, 653, 654, 655, 656, 657, 658, 659, 660, 662], "excluded_lines": []}, "PersonalizedSuggester._get_history_based_suggestions": {"executed_lines": [], "summary": {"covered_lines": 0, "num_statements": 5, "percent_covered": 0.0, "percent_covered_display": "0.00", "missing_lines": 5, "excluded_lines": 0}, "missing_lines": [668, 670, 671, 672, 682], "excluded_lines": []}, "TrendingSuggester.__init__": {"executed_lines": [], "summary": {"covered_lines": 0, "num_statements": 3, "percent_covered": 0.0, "percent_covered_display": "0.00", "missing_lines": 3, "excluded_lines": 0}, "missing_lines": [689, 690, 691], "excluded_lines": []}, "TrendingSuggester.suggest": {"executed_lines": [], "summary": {"covered_lines": 0, "num_statements": 7, "percent_covered": 0.0, "percent_covered_display": "0.00", "missing_lines": 7, "excluded_lines": 0}, "missing_lines": [695, 698, 701, 702, 703, 715, 717], "excluded_lines": []}, "TrendingSuggester._analyze_trends": {"executed_lines": [], "summary": {"covered_lines": 0, "num_statements": 8, "percent_covered": 0.0, "percent_covered_display": "0.00", "missing_lines": 8, "excluded_lines": 0}, "missing_lines": [724, 752, 753, 754, 755, 758, 762, 763], "excluded_lines": []}, "TrendingSuggester._analyze_trends.get_trend_score": {"executed_lines": [], "summary": {"covered_lines": 0, "num_statements": 2, "percent_covered": 0.0, "percent_covered_display": "0.00", "missing_lines": 2, "excluded_lines": 0}, "missing_lines": [759, 760], "excluded_lines": []}, "TypoCorrector.__init__": {"executed_lines": [], "summary": {"covered_lines": 0, "num_statements": 3, "percent_covered": 0.0, "percent_covered_display": "0.00", "missing_lines": 3, "excluded_lines": 0}, "missing_lines": [770, 771, 772], "excluded_lines": []}, "TypoCorrector.correct": {"executed_lines": [], "summary": {"covered_lines": 0, "num_statements": 7, "percent_covered": 0.0, "percent_covered_display": "0.00", "missing_lines": 7, "excluded_lines": 0}, "missing_lines": [776, 778, 779, 780, 781, 793, 795], "excluded_lines": []}, "TypoCorrector._find_spelling_corrections": {"executed_lines": [], "summary": {"covered_lines": 0, "num_statements": 7, "percent_covered": 0.0, "percent_covered_display": "0.00", "missing_lines": 7, "excluded_lines": 0}, "missing_lines": [800, 824, 825, 826, 827, 828, 830], "excluded_lines": []}, "TypoCorrector._calculate_edit_distance": {"executed_lines": [], "summary": {"covered_lines": 0, "num_statements": 14, "percent_covered": 0.0, "percent_covered_display": "0.00", "missing_lines": 14, "excluded_lines": 0}, "missing_lines": [834, 835, 837, 838, 840, 841, 842, 843, 844, 845, 846, 847, 848, 850], "excluded_lines": []}, "SearchSuggestionsService.__init__": {"executed_lines": [], "summary": {"covered_lines": 0, "num_statements": 4, "percent_covered": 0.0, "percent_covered_display": "0.00", "missing_lines": 4, "excluded_lines": 0}, "missing_lines": [857, 858, 859, 862], "excluded_lines": []}, "SearchSuggestionsService._create_suggesters": {"executed_lines": [], "summary": {"covered_lines": 0, "num_statements": 11, "percent_covered": 0.0, "percent_covered_display": "0.00", "missing_lines": 11, "excluded_lines": 0}, "missing_lines": [868, 870, 871, 872, 873, 874, 875, 876, 877, 878, 880], "excluded_lines": []}, "SearchSuggestionsService.get_suggestions": {"executed_lines": [], "summary": {"covered_lines": 0, "num_statements": 44, "percent_covered": 0.0, "percent_covered_display": "0.00", "missing_lines": 44, "excluded_lines": 0}, "missing_lines": [884, 886, 888, 889, 898, 899, 900, 901, 902, 905, 906, 909, 910, 913, 916, 920, 923, 926, 930, 933, 936, 937, 940, 943, 944, 945, 948, 951, 955, 960, 961, 962, 967, 971, 972, 974, 983, 984, 986, 988, 989, 990, 991, 993], "excluded_lines": []}, "SearchSuggestionsService._get_autocomplete_suggestions": {"executed_lines": [], "summary": {"covered_lines": 0, "num_statements": 4, "percent_covered": 0.0, "percent_covered_display": "0.00", "missing_lines": 4, "excluded_lines": 0}, "missing_lines": [1005, 1006, 1007, 1008], "excluded_lines": []}, "SearchSuggestionsService._get_contextual_suggestions": {"executed_lines": [], "summary": {"covered_lines": 0, "num_statements": 4, "percent_covered": 0.0, "percent_covered_display": "0.00", "missing_lines": 4, "excluded_lines": 0}, "missing_lines": [1014, 1015, 1016, 1019], "excluded_lines": []}, "SearchSuggestionsService._get_personalized_suggestions": {"executed_lines": [], "summary": {"covered_lines": 0, "num_statements": 4, "percent_covered": 0.0, "percent_covered_display": "0.00", "missing_lines": 4, "excluded_lines": 0}, "missing_lines": [1025, 1026, 1027, 1030], "excluded_lines": []}, "SearchSuggestionsService._get_trending_suggestions": {"executed_lines": [], "summary": {"covered_lines": 0, "num_statements": 4, "percent_covered": 0.0, "percent_covered_display": "0.00", "missing_lines": 4, "excluded_lines": 0}, "missing_lines": [1036, 1037, 1038, 1039], "excluded_lines": []}, "SearchSuggestionsService._get_typo_corrections": {"executed_lines": [], "summary": {"covered_lines": 0, "num_statements": 3, "percent_covered": 0.0, "percent_covered_display": "0.00", "missing_lines": 3, "excluded_lines": 0}, "missing_lines": [1045, 1046, 1047], "excluded_lines": []}, "SearchSuggestionsService._filter_suggestions_by_threshold": {"executed_lines": [], "summary": {"covered_lines": 0, "num_statements": 1, "percent_covered": 0.0, "percent_covered_display": "0.00", "missing_lines": 1, "excluded_lines": 0}, "missing_lines": [1053], "excluded_lines": []}, "SearchSuggestionsService._rank_and_deduplicate_suggestions": {"executed_lines": [], "summary": {"covered_lines": 0, "num_statements": 7, "percent_covered": 0.0, "percent_covered_display": "0.00", "missing_lines": 7, "excluded_lines": 0}, "missing_lines": [1060, 1061, 1062, 1063, 1067, 1070, 1074], "excluded_lines": []}, "SearchSuggestionsService._generate_query_completions": {"executed_lines": [], "summary": {"covered_lines": 0, "num_statements": 8, "percent_covered": 0.0, "percent_covered_display": "0.00", "missing_lines": 8, "excluded_lines": 0}, "missing_lines": [1080, 1082, 1083, 1086, 1087, 1088, 1095, 1097], "excluded_lines": []}, "SearchSuggestionsService._get_cache_key": {"executed_lines": [], "summary": {"covered_lines": 0, "num_statements": 3, "percent_covered": 0.0, "percent_covered_display": "0.00", "missing_lines": 3, "excluded_lines": 0}, "missing_lines": [1101, 1109, 1110], "excluded_lines": []}, "SearchSuggestionsService._get_from_cache": {"executed_lines": [], "summary": {"covered_lines": 0, "num_statements": 7, "percent_covered": 0.0, "percent_covered_display": "0.00", "missing_lines": 7, "excluded_lines": 0}, "missing_lines": [1114, 1115, 1116, 1118, 1127, 1130, 1131], "excluded_lines": []}, "SearchSuggestionsService._set_cache": {"executed_lines": [], "summary": {"covered_lines": 0, "num_statements": 1, "percent_covered": 0.0, "percent_covered_display": "0.00", "missing_lines": 1, "excluded_lines": 0}, "missing_lines": [1135], "excluded_lines": []}, "": {"executed_lines": [], "summary": {"covered_lines": 0, "num_statements": 119, "percent_covered": 0.0, "percent_covered_display": "0.00", "missing_lines": 119, "excluded_lines": 0}, "missing_lines": [11, 12, 13, 14, 15, 16, 17, 19, 22, 25, 26, 27, 28, 29, 32, 33, 36, 39, 40, 41, 44, 45, 48, 49, 52, 53, 56, 57, 58, 61, 62, 63, 66, 67, 70, 72, 82, 83, 86, 87, 88, 89, 90, 91, 92, 95, 96, 99, 100, 101, 102, 103, 104, 106, 112, 113, 116, 117, 118, 119, 120, 123, 124, 127, 128, 129, 130, 131, 132, 133, 135, 147, 150, 153, 158, 161, 167, 191, 246, 262, 284, 287, 291, 309, 349, 406, 457, 489, 516, 519, 523, 541, 575, 633, 664, 685, 688, 693, 719, 766, 769, 774, 797, 832, 853, 856, 866, 882, 1001, 1010, 1021, 1032, 1041, 1049, 1055, 1076, 1099, 1112, 1133], "excluded_lines": []}}, "classes": {"SuggestionType": {"executed_lines": [], "summary": {"covered_lines": 0, "num_statements": 0, "percent_covered": 100.0, "percent_covered_display": "100.00", "missing_lines": 0, "excluded_lines": 0}, "missing_lines": [], "excluded_lines": []}, "SuggestionsConfig": {"executed_lines": [], "summary": {"covered_lines": 0, "num_statements": 6, "percent_covered": 0.0, "percent_covered_display": "0.00", "missing_lines": 6, "excluded_lines": 0}, "missing_lines": [74, 75, 76, 77, 78, 79], "excluded_lines": []}, "SuggestionRequest": {"executed_lines": [], "summary": {"covered_lines": 0, "num_statements": 0, "percent_covered": 100.0, "percent_covered_display": "100.00", "missing_lines": 0, "excluded_lines": 0}, "missing_lines": [], "excluded_lines": []}, "SuggestionCandidate": {"executed_lines": [], "summary": {"covered_lines": 0, "num_statements": 2, "percent_covered": 0.0, "percent_covered_display": "0.00", "missing_lines": 2, "excluded_lines": 0}, "missing_lines": [108, 109], "excluded_lines": []}, "QueryCompletion": {"executed_lines": [], "summary": {"covered_lines": 0, "num_statements": 0, "percent_covered": 100.0, "percent_covered_display": "100.00", "missing_lines": 0, "excluded_lines": 0}, "missing_lines": [], "excluded_lines": []}, "SuggestionResult": {"executed_lines": [], "summary": {"covered_lines": 0, "num_statements": 1, "percent_covered": 0.0, "percent_covered_display": "0.00", "missing_lines": 1, "excluded_lines": 0}, "missing_lines": [137], "excluded_lines": []}, "BaseSuggester": {"executed_lines": [], "summary": {"covered_lines": 0, "num_statements": 1, "percent_covered": 0.0, "percent_covered_display": "0.00", "missing_lines": 1, "excluded_lines": 1}, "missing_lines": [151], "excluded_lines": [155]}, "AutocompleteSuggester": {"executed_lines": [], "summary": {"covered_lines": 0, "num_statements": 33, "percent_covered": 0.0, "percent_covered_display": "0.00", "missing_lines": 33, "excluded_lines": 0}, "missing_lines": [162, 163, 164, 165, 169, 172, 175, 176, 177, 178, 180, 187, 189, 194, 195, 235, 236, 237, 238, 239, 240, 243, 244, 249, 260, 267, 270, 273, 276, 277, 278, 280, 281], "excluded_lines": []}, "ContextualSuggester": {"executed_lines": [], "summary": {"covered_lines": 0, "num_statements": 69, "percent_covered": 0.0, "percent_covered_display": "0.00", "missing_lines": 69, "excluded_lines": 0}, "missing_lines": [288, 289, 293, 294, 295, 297, 300, 303, 307, 311, 320, 321, 322, 327, 328, 331, 332, 334, 335, 336, 337, 338, 339, 342, 345, 347, 353, 356, 361, 366, 371, 376, 377, 378, 379, 382, 383, 386, 391, 402, 404, 410, 445, 446, 448, 449, 450, 451, 452, 453, 455, 461, 463, 478, 479, 480, 481, 482, 483, 484, 485, 487, 493, 495, 496, 501, 502, 503, 513], "excluded_lines": []}, "PersonalizedSuggester": {"executed_lines": [], "summary": {"covered_lines": 0, "num_statements": 46, "percent_covered": 0.0, "percent_covered_display": "0.00", "missing_lines": 46, "excluded_lines": 0}, "missing_lines": [520, 521, 525, 526, 527, 529, 532, 535, 539, 544, 565, 579, 580, 581, 584, 587, 590, 593, 595, 597, 600, 603, 604, 605, 606, 610, 613, 618, 629, 631, 637, 639, 653, 654, 655, 656, 657, 658, 659, 660, 662, 668, 670, 671, 672, 682], "excluded_lines": []}, "TrendingSuggester": {"executed_lines": [], "summary": {"covered_lines": 0, "num_statements": 20, "percent_covered": 0.0, "percent_covered_display": "0.00", "missing_lines": 20, "excluded_lines": 0}, "missing_lines": [689, 690, 691, 695, 698, 701, 702, 703, 715, 717, 724, 752, 753, 754, 755, 758, 759, 760, 762, 763], "excluded_lines": []}, "TypoCorrector": {"executed_lines": [], "summary": {"covered_lines": 0, "num_statements": 31, "percent_covered": 0.0, "percent_covered_display": "0.00", "missing_lines": 31, "excluded_lines": 0}, "missing_lines": [770, 771, 772, 776, 778, 779, 780, 781, 793, 795, 800, 824, 825, 826, 827, 828, 830, 834, 835, 837, 838, 840, 841, 842, 843, 844, 845, 846, 847, 848, 850], "excluded_lines": []}, "SearchSuggestionsService": {"executed_lines": [], "summary": {"covered_lines": 0, "num_statements": 105, "percent_covered": 0.0, "percent_covered_display": "0.00", "missing_lines": 105, "excluded_lines": 0}, "missing_lines": [857, 858, 859, 862, 868, 870, 871, 872, 873, 874, 875, 876, 877, 878, 880, 884, 886, 888, 889, 898, 899, 900, 901, 902, 905, 906, 909, 910, 913, 916, 920, 923, 926, 930, 933, 936, 937, 940, 943, 944, 945, 948, 951, 955, 960, 961, 962, 967, 971, 972, 974, 983, 984, 986, 988, 989, 990, 991, 993, 1005, 1006, 1007, 1008, 1014, 1015, 1016, 1019, 1025, 1026, 1027, 1030, 1036, 1037, 1038, 1039, 1045, 1046, 1047, 1053, 1060, 1061, 1062, 1063, 1067, 1070, 1074, 1080, 1082, 1083, 1086, 1087, 1088, 1095, 1097, 1101, 1109, 1110, 1114, 1115, 1116, 1118, 1127, 1130, 1131, 1135], "excluded_lines": []}, "": {"executed_lines": [], "summary": {"covered_lines": 0, "num_statements": 119, "percent_covered": 0.0, "percent_covered_display": "0.00", "missing_lines": 119, "excluded_lines": 0}, "missing_lines": [11, 12, 13, 14, 15, 16, 17, 19, 22, 25, 26, 27, 28, 29, 32, 33, 36, 39, 40, 41, 44, 45, 48, 49, 52, 53, 56, 57, 58, 61, 62, 63, 66, 67, 70, 72, 82, 83, 86, 87, 88, 89, 90, 91, 92, 95, 96, 99, 100, 101, 102, 103, 104, 106, 112, 113, 116, 117, 118, 119, 120, 123, 124, 127, 128, 129, 130, 131, 132, 133, 135, 147, 150, 153, 158, 161, 167, 191, 246, 262, 284, 287, 291, 309, 349, 406, 457, 489, 516, 519, 523, 541, 575, 633, 664, 685, 688, 693, 719, 766, 769, 774, 797, 832, 853, 856, 866, 882, 1001, 1010, 1021, 1032, 1041, 1049, 1055, 1076, 1099, 1112, 1133], "excluded_lines": []}}}}, "totals": {"covered_lines": 1390, "num_statements": 8432, "percent_covered": 16.48481973434535, "percent_covered_display": "16.48", "missing_lines": 7042, "excluded_lines": 20}}